\BOOKMARK [1][-]{section*.1}{\376\377\006\206\006\251\006\314\006\057\006\107}{}% 1
\BOOKMARK [1][-]{section*.2}{\376\377\000A\000b\000s\000t\000r\000a\000c\000t}{}% 2
\BOOKMARK [1][-]{section*.4}{\376\377\006\101\006\107\006\061\006\063\006\052\000\040\006\064\006\251\006\104\040\014\006\107\006\047}{}% 3
\BOOKMARK [1][-]{section*.5}{\376\377\006\101\006\107\006\061\006\063\006\052\000\040\006\054\006\057\006\110\006\104\040\014\006\107\006\047}{}% 4
\BOOKMARK [1][-]{section*.6}{\376\377\006\052\006\102\006\057\006\314\006\061\000\040\006\110\000\040\006\052\006\064\006\251\006\061}{}% 5
\BOOKMARK [1][-]{section.1}{\376\377\006\105\006\102\006\057\006\105\006\107}{}% 6
\BOOKMARK [2][-]{subsection.1.1}{\376\377\006\057\006\314\006\063\006\052\006\061\006\110\006\101\006\314\000\040\006\071\006\066\006\104\006\047\006\106\006\314\000\040\006\057\006\110\006\064\006\106\000\040\006\110\000\040\006\052\006\043\006\053\006\314\006\061\000\040\006\042\006\106\000\040\006\050\006\061\000\040\006\071\006\105\006\104\006\251\006\061\006\057\000\040\006\055\006\061\006\251\006\052\006\314}{section.1}% 7
\BOOKMARK [2][-]{subsection.1.2}{\376\377\006\047\006\061\006\062\006\314\006\047\006\050\006\314\000\040\006\071\006\105\006\104\006\251\006\061\006\057\000\040\006\055\006\061\006\251\006\052\006\314\000\040\006\050\006\314\006\105\006\047\006\061\006\047\006\106\000\040\006\110\000\040\006\206\006\047\006\104\006\064\040\014\006\107\006\047\006\314\000\040\006\105\006\110\006\054\006\110\006\057}{section.1}% 8
\BOOKMARK [2][-]{subsection.1.3}{\376\377\006\061\006\110\006\106\006\057\000\040\006\047\006\106\006\052\006\056\006\047\006\050\000\040\006\061\006\110\006\064\000\040\006\047\006\061\006\062\006\314\006\047\006\050\006\314\000\040\006\057\006\061\000\040\006\176\006\230\006\110\006\107\006\064\000\040\006\055\006\047\006\066\006\061}{section.1}% 9
\BOOKMARK [2][-]{subsection.1.4}{\376\377\006\047\006\106\006\052\006\056\006\047\006\050\000\040\006\105\006\102\006\314\006\047\006\063\000\040\000N\000S\000A\000A\000\040\006\050\006\107\000\040\006\071\006\106\006\110\006\047\006\106\000\040\006\105\006\071\006\314\006\047\006\061\000\040\006\047\006\061\006\062\006\314\006\047\006\050\006\314}{section.1}% 10
\BOOKMARK [2][-]{subsection.1.5}{\376\377\006\047\006\106\006\052\006\056\006\047\006\050\000\040\006\055\006\063\006\257\006\061\006\107\006\047\006\314\000\040\006\047\006\314\006\106\006\061\006\063\006\314\006\047\006\314\006\314\000\040\006\050\006\061\006\047\006\314\000\040\006\053\006\050\006\052\000\040\006\055\006\061\006\251\006\047\006\052}{section.1}% 11
\BOOKMARK [2][-]{subsection.1.6}{\376\377\006\050\006\314\006\047\006\106\000\040\006\105\006\063\006\046\006\104\006\107}{section.1}% 12
\BOOKMARK [2][-]{subsection.1.7}{\376\377\006\047\006\107\006\057\006\047\006\101\000\040\006\176\006\230\006\110\006\107\006\064}{section.1}% 13
\BOOKMARK [3][-]{subsubsection.1.7.1}{\376\377\006\056\006\061\006\110\006\054\006\314\040\014\006\107\006\047\006\314\000\040\006\105\006\110\006\061\006\057\000\040\006\047\006\106\006\052\006\070\006\047\006\061}{subsection.1.7}% 14
\BOOKMARK [2][-]{subsection.1.8}{\376\377\006\063\006\047\006\056\006\052\006\047\006\061\000\040\006\257\006\062\006\047\006\061\006\064}{section.1}% 15
\BOOKMARK [1][-]{section.2}{\376\377\006\067\006\061\006\047\006\055\006\314\000\040\006\110\000\040\006\176\006\314\006\047\006\057\006\107\040\014\006\063\006\047\006\062\006\314\000\040\006\063\006\047\006\105\006\047\006\106\006\107\000\040\006\176\006\314\006\064\006\106\006\107\006\047\006\057\006\314}{}% 16
\BOOKMARK [2][-]{subsection.2.1}{\376\377\006\105\006\102\006\057\006\105\006\107}{section.2}% 17
\BOOKMARK [2][-]{subsection.2.2}{\376\377\006\067\006\061\006\047\006\055\006\314\000\040\006\063\006\047\006\105\006\047\006\106\006\107\000\040\006\176\006\314\006\064\006\106\006\107\006\047\006\057\006\314}{section.2}% 18
\BOOKMARK [2][-]{subsection.2.3}{\376\377\006\176\006\314\006\047\006\057\006\107\040\014\006\063\006\047\006\062\006\314\000\040\006\063\006\047\006\105\006\047\006\106\006\107\000\040\006\057\006\047\006\057\006\107\040\014\006\050\006\061\006\057\006\047\006\061\006\314}{section.2}% 19
\BOOKMARK [3][-]{subsubsection.2.3.1}{\376\377\006\206\006\314\006\057\006\105\006\047\006\106\000\040\006\063\006\047\006\105\006\047\006\106\006\107\000\040\006\047\006\106\006\057\006\047\006\062\006\107\040\014\006\257\006\314\006\061\006\314}{subsection.2.3}% 20
\BOOKMARK [3][-]{subsubsection.2.3.2}{\376\377\006\057\006\104\006\047\006\314\006\104\000\040\006\047\006\106\006\052\006\056\006\047\006\050\000\040\006\206\006\314\006\057\006\105\006\047\006\106\000\040\006\055\006\063\006\257\006\061\006\107\006\047}{subsection.2.3}% 21
\BOOKMARK [3][-]{subsubsection.2.3.3}{\376\377\006\106\006\061\006\105\040\014\006\047\006\101\006\062\006\047\006\061\000\040\006\052\006\071\006\050\006\314\006\107\040\014\006\064\006\057\006\107\000\040\006\061\006\110\006\314\000\040\006\050\006\061\006\057\006\107\006\047\006\314\000\040\006\055\006\063\006\257\006\061}{subsection.2.3}% 22
\BOOKMARK [3][-]{subsubsection.2.3.4}{\376\377\006\106\006\061\006\105\040\014\006\047\006\101\006\062\006\047\006\061\000\040\006\052\006\110\006\063\006\071\006\107\040\014\006\314\006\047\006\101\006\052\006\107\000\040\006\057\006\061\000\040\006\105\006\055\006\314\006\067\000\040\000M\000A\000T\000L\000A\000B}{subsection.2.3}% 23
\BOOKMARK [3][-]{subsubsection.2.3.5}{\376\377\006\101\006\061\006\042\006\314\006\106\006\057\000\040\006\047\006\106\006\054\006\047\006\105\000\040\006\042\006\062\006\105\006\110\006\106\040\014\006\107\006\047\000\040\006\110\000\040\006\053\006\050\006\052\000\040\006\057\006\047\006\057\006\107\040\014\006\107\006\047}{subsection.2.3}% 24
\BOOKMARK [2][-]{subsection.2.4}{\376\377\006\176\006\314\006\064\040\014\006\176\006\061\006\057\006\047\006\062\006\064\000\040\006\057\006\047\006\057\006\107\040\014\006\107\006\047}{section.2}% 25
\BOOKMARK [3][-]{subsubsection.2.4.1}{\376\377\006\057\006\061\006\314\006\047\006\101\006\052\000\040\006\101\006\047\006\314\006\104\040\014\006\107\006\047\006\314\000\040\006\056\006\047\006\105}{subsection.2.4}% 26
\BOOKMARK [3][-]{subsubsection.2.4.2}{\376\377\006\101\006\314\006\104\006\052\006\061\006\257\006\060\006\047\006\061\006\314\000\040\006\063\006\314\006\257\006\106\006\047\006\104\040\014\006\107\006\047}{subsection.2.4}% 27
\BOOKMARK [3][-]{subsubsection.2.4.3}{\376\377\006\054\006\057\006\047\006\063\006\047\006\062\006\314\000\040\006\101\006\071\006\047\006\104\006\314\006\052\040\014\006\107\006\047}{subsection.2.4}% 28
\BOOKMARK [3][-]{subsubsection.2.4.4}{\376\377\006\042\006\105\006\047\006\057\006\107\040\014\006\063\006\047\006\062\006\314\000\040\006\057\006\047\006\057\006\107\040\014\006\107\006\047\000\040\006\050\006\061\006\047\006\314\000\040\006\052\006\055\006\104\006\314\006\104}{subsection.2.4}% 29
\BOOKMARK [2][-]{subsection.2.5}{\376\377\006\047\006\063\006\052\006\056\006\061\006\047\006\054\000\040\006\110\006\314\006\230\006\257\006\314\040\014\006\107\006\047}{section.2}% 30
\BOOKMARK [3][-]{subsubsection.2.5.1}{\376\377\006\110\006\314\006\230\006\257\006\314\040\014\006\107\006\047\006\314\000\040\006\047\006\063\006\052\006\056\006\061\006\047\006\054\040\014\006\064\006\057\006\107}{subsection.2.5}% 31
\BOOKMARK [2][-]{subsection.2.6}{\376\377\006\251\006\047\006\107\006\064\000\040\006\050\006\071\006\057\000\040\006\110\006\314\006\230\006\257\006\314\040\014\006\107\006\047}{section.2}% 32
\BOOKMARK [2][-]{subsection.2.7}{\376\377\006\042\006\105\006\110\006\062\006\064\000\040\006\105\006\057\006\104\040\014\006\107\006\047\006\314\000\040\006\314\006\047\006\057\006\257\006\314\006\061\006\314\000\040\006\105\006\047\006\064\006\314\006\106}{section.2}% 33
\BOOKMARK [3][-]{subsubsection.2.7.1}{\376\377\006\052\006\102\006\063\006\314\006\105\040\014\006\050\006\106\006\057\006\314\000\040\006\052\006\065\006\047\006\057\006\101\006\314\000\040\006\050\006\047\000\040\006\052\006\071\006\057\006\047\006\057\000\040\006\106\006\105\006\110\006\106\006\107\000\040\006\053\006\047\006\050\006\052}{subsection.2.7}% 34
\BOOKMARK [3][-]{subsubsection.2.7.2}{\376\377\006\047\006\071\006\052\006\050\006\047\006\061\006\063\006\106\006\054\006\314\000\040\006\105\006\052\006\102\006\047\006\067\006\071}{subsection.2.7}% 35
\BOOKMARK [3][-]{subsubsection.2.7.3}{\376\377\006\105\006\057\006\104\040\014\006\107\006\047\006\314\000\040\006\105\006\110\006\061\006\057\000\040\006\047\006\063\006\052\006\101\006\047\006\057\006\107}{subsection.2.7}% 36
\BOOKMARK [3][-]{subsubsection.2.7.4}{\376\377\000P\000i\000p\000e\000l\000i\000n\000e\000\040\006\176\006\061\006\057\006\047\006\062\006\064\000\040\006\057\006\047\006\057\006\107}{subsection.2.7}% 37
\BOOKMARK [2][-]{subsection.2.8}{\376\377\006\105\006\071\006\314\006\047\006\061\006\107\006\047\006\314\000\040\006\047\006\061\006\062\006\314\006\047\006\050\006\314}{section.2}% 38
\BOOKMARK [2][-]{subsection.2.9}{\376\377\006\061\006\110\006\106\006\057\000\040\006\047\006\054\006\061\006\047\006\314\000\040\006\042\006\062\006\105\006\047\006\314\006\064\040\014\006\107\006\047}{section.2}% 39
\BOOKMARK [3][-]{subsubsection.2.9.1}{\376\377\006\105\006\061\006\047\006\055\006\104\000\040\006\047\006\054\006\061\006\047\006\314\000\040\000P\000i\000p\000e\000l\000i\000n\000e}{subsection.2.9}% 40
\BOOKMARK [2][-]{subsection.2.10}{\376\377\006\047\006\050\006\062\006\047\006\061\006\107\006\047\006\314\000\040\006\106\006\061\006\105\040\014\006\047\006\101\006\062\006\047\006\061\006\314\000\040\006\105\006\110\006\061\006\057\000\040\006\047\006\063\006\052\006\101\006\047\006\057\006\107}{section.2}% 41
