\BOOKMARK [1][-]{section.1}{\376\377\006\105\006\102\006\057\006\105\006\107}{}% 1
\BOOKMARK [2][-]{subsection.1.1}{\376\377\006\052\006\043\006\053\006\314\006\061\000\040\006\057\006\314\006\063\006\052\006\061\006\110\006\101\006\314\000\040\006\071\006\066\006\104\006\047\006\106\006\314\000\040\006\057\006\110\006\064\006\106\000\040\006\050\006\061\000\040\006\071\006\105\006\104\006\251\006\061\006\057\000\040\006\055\006\061\006\251\006\052\006\314}{section.1}% 2
\BOOKMARK [2][-]{subsection.1.2}{\376\377\006\047\006\061\006\062\006\314\006\047\006\050\006\314\000\040\006\071\006\105\006\104\006\251\006\061\006\057\000\040\006\055\006\061\006\251\006\052\006\314\000\040\006\110\000\040\006\206\006\047\006\104\006\064\040\014\006\107\006\047\006\314\000\040\006\105\006\110\006\054\006\110\006\057}{section.1}% 3
\BOOKMARK [2][-]{subsection.1.3}{\376\377\006\050\006\314\006\047\006\106\000\040\006\105\006\063\006\046\006\104\006\107}{section.1}% 4
\BOOKMARK [2][-]{subsection.1.4}{\376\377\006\047\006\107\006\057\006\047\006\101\000\040\006\176\006\230\006\110\006\107\006\064}{section.1}% 5
\BOOKMARK [2][-]{subsection.1.5}{\376\377\006\056\006\061\006\110\006\054\006\314\040\014\006\107\006\047\006\314\000\040\006\105\006\110\006\061\006\057\000\040\006\047\006\106\006\052\006\070\006\047\006\061}{section.1}% 6
\BOOKMARK [1][-]{section.2}{\376\377\006\105\006\101\006\047\006\107\006\314\006\105\000\040\006\176\006\047\006\314\006\107}{}% 7
\BOOKMARK [2][-]{subsection.2.1}{\376\377\006\057\006\314\006\063\006\052\006\061\006\110\006\101\006\314\000\040\006\071\006\066\006\104\006\047\006\106\006\314\000\040\006\057\006\110\006\064\006\106}{section.2}% 8
\BOOKMARK [2][-]{subsection.2.2}{\376\377\006\105\006\102\006\314\006\047\006\063\000\040\000N\000S\000A\000A}{section.2}% 9
\BOOKMARK [2][-]{subsection.2.3}{\376\377\006\055\006\063\006\257\006\061\006\107\006\047\006\314\000\040\006\047\006\314\006\106\006\061\006\063\006\314\006\047\006\314\006\314}{section.2}% 10
\BOOKMARK [2][-]{subsection.2.4}{\376\377\006\176\006\314\006\064\040\014\006\176\006\061\006\057\006\047\006\062\006\064\000\040\006\063\006\314\006\257\006\106\006\047\006\104}{section.2}% 11
\BOOKMARK [2][-]{subsection.2.5}{\376\377\006\047\006\063\006\052\006\056\006\061\006\047\006\054\000\040\006\110\006\314\006\230\006\257\006\314}{section.2}% 12
\BOOKMARK [2][-]{subsection.2.6}{\376\377\006\251\006\047\006\107\006\064\000\040\006\050\006\071\006\057\000\040\006\057\006\047\006\057\006\107\040\014\006\107\006\047}{section.2}% 13
\BOOKMARK [2][-]{subsection.2.7}{\376\377\006\314\006\047\006\057\006\257\006\314\006\061\006\314\000\040\006\105\006\047\006\064\006\314\006\106}{section.2}% 14
\BOOKMARK [2][-]{subsection.2.8}{\376\377\006\105\006\071\006\314\006\047\006\061\006\107\006\047\006\314\000\040\006\047\006\061\006\062\006\314\006\047\006\050\006\314\000\040\006\105\006\057\006\104}{section.2}% 15
\BOOKMARK [2][-]{subsection.2.9}{\376\377\006\105\006\047\006\064\006\314\006\106\000\040\006\050\006\061\006\057\006\047\006\061\000\040\006\176\006\064\006\052\006\314\006\050\006\047\006\106}{section.2}% 16
\BOOKMARK [2][-]{subsection.2.10}{\376\377\006\106\006\062\006\057\006\314\006\251\040\014\006\052\006\061\006\314\006\106\000\040\006\107\006\105\006\063\006\047\006\314\006\107}{section.2}% 17
\BOOKMARK [2][-]{subsection.2.11}{\376\377\006\054\006\106\006\257\006\104\000\040\006\052\006\065\006\047\006\057\006\101\006\314}{section.2}% 18
\BOOKMARK [1][-]{section.3}{\376\377\006\067\006\061\006\047\006\055\006\314\000\040\006\110\000\040\006\176\006\314\006\047\006\057\006\107\040\014\006\063\006\047\006\062\006\314\000\040\006\063\006\047\006\105\006\047\006\106\006\107\000\040\006\176\006\314\006\064\006\106\006\107\006\047\006\057\006\314}{}% 19
\BOOKMARK [2][-]{subsection.3.1}{\376\377\006\105\006\102\006\057\006\105\006\107}{section.3}% 20
\BOOKMARK [2][-]{subsection.3.2}{\376\377\006\061\006\110\006\106\006\057\000\040\006\052\006\065\006\105\006\314\006\105\040\014\006\257\006\314\006\061\006\314\000\040}{section.3}% 21
\BOOKMARK [3][-]{subsubsection.3.2.1}{\376\377\006\105\006\102\006\314\006\047\006\063\000\040\000N\000S\000A\000A\000\040\006\050\006\107\000\040\006\071\006\106\006\110\006\047\006\106\000\040\006\105\006\071\006\314\006\047\006\061\000\040\006\047\006\061\006\062\006\314\006\047\006\050\006\314}{subsection.3.2}% 22
\BOOKMARK [3][-]{subsubsection.3.2.2}{\376\377\006\055\006\063\006\257\006\061\006\107\006\047\006\314\000\040\006\047\006\314\006\106\006\061\006\063\006\314\006\047\006\314\006\314\000\040\006\050\006\061\006\047\006\314\000\040\006\053\006\050\006\052\000\040\006\055\006\061\006\251\006\047\006\052}{subsection.3.2}% 23
\BOOKMARK [2][-]{subsection.3.3}{\376\377\006\067\006\061\006\047\006\055\006\314\000\040\006\063\006\047\006\105\006\047\006\106\006\107\000\040\006\176\006\314\006\064\006\106\006\107\006\047\006\057\006\314}{section.3}% 24
\BOOKMARK [2][-]{subsection.3.4}{\376\377\006\176\006\314\006\047\006\057\006\107\040\014\006\063\006\047\006\062\006\314\000\040\006\063\006\047\006\105\006\047\006\106\006\107\000\040\006\057\006\047\006\057\006\107\040\014\006\050\006\061\006\057\006\047\006\061\006\314}{section.3}% 25
\BOOKMARK [3][-]{subsubsection.3.4.1}{\376\377\006\047\006\106\006\052\006\056\006\047\006\050\000\040\006\055\006\063\006\257\006\061}{subsection.3.4}% 26
\BOOKMARK [3][-]{subsubsection.3.4.2}{\376\377\006\206\006\314\006\057\006\105\006\047\006\106\000\040\006\055\006\063\006\257\006\061\006\107\006\047}{subsection.3.4}% 27
\BOOKMARK [3][-]{subsubsection.3.4.3}{\376\377\006\106\006\061\006\105\040\014\006\047\006\101\006\062\006\047\006\061\000\040\006\052\006\071\006\050\006\314\006\107\040\014\006\064\006\057\006\107\000\040\006\061\006\110\006\314\000\040\006\050\006\061\006\057\006\107\006\047\006\314\000\040\006\055\006\063\006\257\006\061}{subsection.3.4}% 28
\BOOKMARK [3][-]{subsubsection.3.4.4}{\376\377\006\106\006\061\006\105\040\014\006\047\006\101\006\062\006\047\006\061\000\040\006\052\006\110\006\063\006\071\006\107\040\014\006\314\006\047\006\101\006\052\006\107\000\040\006\057\006\061\000\040\006\105\006\055\006\314\006\067\000\040\006\105\006\052\006\104\006\050}{subsection.3.4}% 29
\BOOKMARK [3][-]{subsubsection.3.4.5}{\376\377\006\101\006\061\006\042\006\314\006\106\006\057\000\040\006\047\006\106\006\054\006\047\006\105\000\040\006\042\006\062\006\105\006\110\006\106\040\014\006\107\006\047\000\040\006\110\000\040\006\053\006\050\006\052\000\040\006\057\006\047\006\057\006\107\040\014\006\107\006\047}{subsection.3.4}% 30
\BOOKMARK [2][-]{subsection.3.5}{\376\377\006\176\006\314\006\064\040\014\006\176\006\061\006\057\006\047\006\062\006\064\000\040\006\057\006\047\006\057\006\107\040\014\006\107\006\047\000\040\006\057\006\061\000\040\006\106\006\061\006\105\040\014\006\047\006\101\006\062\006\047\006\061\000\040\006\105\006\052\006\104\006\050}{section.3}% 31
\BOOKMARK [3][-]{subsubsection.3.5.1}{\376\377\006\057\006\061\006\314\006\047\006\101\006\052\000\040\006\101\006\047\006\314\006\104\040\014\006\107\006\047\006\314\000\040\006\056\006\047\006\105}{subsection.3.5}% 32
\BOOKMARK [3][-]{subsubsection.3.5.2}{\376\377\006\101\006\314\006\104\006\052\006\061\006\257\006\060\006\047\006\061\006\314\000\040\006\063\006\314\006\257\006\106\006\047\006\104\040\014\006\107\006\047}{subsection.3.5}% 33
\BOOKMARK [3][-]{subsubsection.3.5.3}{\376\377\006\054\006\057\006\047\006\063\006\047\006\062\006\314\000\040\006\101\006\071\006\047\006\104\006\314\006\052\040\014\006\107\006\047}{subsection.3.5}% 34
\BOOKMARK [3][-]{subsubsection.3.5.4}{\376\377\006\042\006\105\006\047\006\057\006\107\040\014\006\063\006\047\006\062\006\314\000\040\006\057\006\047\006\057\006\107\040\014\006\107\006\047}{subsection.3.5}% 35
\BOOKMARK [2][-]{subsection.3.6}{\376\377\006\047\006\063\006\052\006\056\006\061\006\047\006\054\000\040\006\110\006\314\006\230\006\257\006\314\040\014\006\107\006\047}{section.3}% 36
\BOOKMARK [3][-]{subsubsection.3.6.1}{\376\377\006\110\006\314\006\230\006\257\006\314\040\014\006\107\006\047\006\314\000\040\006\047\006\063\006\052\006\056\006\061\006\047\006\054\040\014\006\064\006\057\006\107}{subsection.3.6}% 37
\BOOKMARK [2][-]{subsection.3.7}{\376\377\006\251\006\047\006\107\006\064\000\040\006\050\006\071\006\057\000\040\006\110\006\314\006\230\006\257\006\314\040\014\006\107\006\047}{section.3}% 38
\BOOKMARK [2][-]{subsection.3.8}{\376\377\006\042\006\105\006\110\006\062\006\064\000\040\006\105\006\057\006\104\040\014\006\107\006\047\006\314\000\040\006\314\006\047\006\057\006\257\006\314\006\061\006\314\000\040\006\105\006\047\006\064\006\314\006\106}{section.3}% 39
\BOOKMARK [3][-]{subsubsection.3.8.1}{\376\377\006\052\006\102\006\063\006\314\006\105\040\014\006\050\006\106\006\057\006\314\000\040\006\052\006\065\006\047\006\057\006\101\006\314\000\040\006\050\006\047\000\040\006\052\006\071\006\057\006\047\006\057\000\040\006\106\006\105\006\110\006\106\006\107\000\040\006\053\006\047\006\050\006\052}{subsection.3.8}% 40
\BOOKMARK [3][-]{subsubsection.3.8.2}{\376\377\006\047\006\071\006\052\006\050\006\047\006\061\006\063\006\106\006\054\006\314\000\040\006\067\006\050\006\102\006\107\040\014\006\050\006\106\006\057\006\314\000\040\006\105\006\052\006\102\006\047\006\067\006\071}{subsection.3.8}% 41
\BOOKMARK [3][-]{subsubsection.3.8.3}{\376\377\006\105\006\057\006\104\040\014\006\107\006\047\006\314\000\040\006\105\006\110\006\061\006\057\000\040\006\047\006\063\006\052\006\101\006\047\006\057\006\107}{subsection.3.8}% 42
\BOOKMARK [3][-]{subsubsection.3.8.4}{\376\377\000P\000i\000p\000e\000l\000i\000n\000e\000\040\006\176\006\061\006\057\006\047\006\062\006\064\000\040\006\057\006\047\006\057\006\107}{subsection.3.8}% 43
\BOOKMARK [2][-]{subsection.3.9}{\376\377\006\105\006\071\006\314\006\047\006\061\006\107\006\047\006\314\000\040\006\047\006\061\006\062\006\314\006\047\006\050\006\314}{section.3}% 44
\BOOKMARK [2][-]{subsection.3.10}{\376\377\006\050\006\061\006\061\006\063\006\314\000\040\006\052\006\071\006\057\006\047\006\057\000\040\006\110\006\314\006\230\006\257\006\314\040\014\006\107\006\047\006\314\000\040\006\105\006\044\006\053\006\061}{section.3}% 45
\BOOKMARK [2][-]{subsection.3.11}{\376\377\006\105\006\102\006\047\006\314\006\063\006\107\000\040\006\105\006\057\006\104\040\014\006\107\006\047\000\040\006\057\006\061\000\040\006\050\006\047\006\062\006\107\000\040\006\052\006\071\006\057\006\047\006\057\000\040\006\105\006\110\006\124\006\104\006\101\006\107\040\014\006\107\006\047\006\314\000\040\006\047\006\065\006\104\006\314\000\040\006\105\006\110\006\124\006\053\006\061}{section.3}% 46
\BOOKMARK [2][-]{subsection.3.12}{\376\377\006\061\006\110\006\106\006\057\000\040\006\047\006\054\006\061\006\047\006\314\000\040\006\042\006\062\006\105\006\047\006\314\006\064\040\014\006\107\006\047}{section.3}% 47
\BOOKMARK [2][-]{subsection.3.13}{\376\377\006\047\006\050\006\062\006\047\006\061\006\107\006\047\006\314\000\040\006\106\006\061\006\105\040\014\006\047\006\101\006\062\006\047\006\061\006\314\000\040\006\105\006\110\006\061\006\057\000\040\006\047\006\063\006\052\006\101\006\047\006\057\006\107}{section.3}% 48
\BOOKMARK [1][-]{section.4}{\376\377\006\106\006\052\006\047\006\314\006\054\000\040\006\110\000\040\006\050\006\055\006\053}{}% 49
\BOOKMARK [2][-]{subsection.4.1}{\376\377\006\105\006\102\006\057\006\105\006\107}{section.4}% 50
\BOOKMARK [2][-]{subsection.4.2}{\376\377\006\063\006\047\006\056\006\052\006\047\006\061\000\040\006\251\006\104\006\314\000\040\006\056\006\061\006\110\006\054\006\314\040\014\006\107\006\047}{section.4}% 51
\BOOKMARK [2][-]{subsection.4.3}{\376\377\006\206\006\047\006\061\006\206\006\110\006\050\000\040\006\047\006\061\006\062\006\314\006\047\006\050\006\314\000\040\006\105\006\057\006\104\040\014\006\107\006\047}{section.4}% 52
\BOOKMARK [2][-]{subsection.4.4}{\376\377\006\106\006\052\006\047\006\314\006\054\000\040\006\101\006\071\006\047\006\104\006\314\006\052\040\014\006\107\006\047}{section.4}% 53
\BOOKMARK [2][-]{subsection.4.5}{\376\377\006\101\006\071\006\047\006\104\006\314\006\052\000\040\006\047\006\314\006\063\006\052\006\047\006\057\006\106}{section.4}% 54
\BOOKMARK [3][-]{subsubsection.4.5.1}{\376\377\006\257\006\062\006\047\006\061\006\064\000\040\006\251\006\104\006\314\000\040\006\101\006\071\006\047\006\104\006\314\006\052}{subsection.4.5}% 55
\BOOKMARK [3][-]{subsubsection.4.5.2}{\376\377\006\251\006\047\006\107\006\064\000\040\006\050\006\071\006\057\000\040\006\110\000\040\006\063\006\047\006\056\006\052\006\047\006\061\000\040\006\110\006\314\006\230\006\257\006\314\040\014\006\107\006\047}{subsection.4.5}% 56
\BOOKMARK [3][-]{subsubsection.4.5.3}{\376\377\006\105\006\102\006\047\006\314\006\063\006\107\000\040\006\105\006\057\006\104\040\014\006\107\006\047}{subsection.4.5}% 57
\BOOKMARK [3][-]{subsubsection.4.5.4}{\376\377\006\052\006\055\006\104\006\314\006\104\000\040\006\056\006\067\006\047}{subsection.4.5}% 58
\BOOKMARK [3][-]{subsubsection.4.5.5}{\376\377\006\047\006\107\006\105\006\314\006\052\000\040\006\110\006\314\006\230\006\257\006\314\040\014\006\107\006\047\000\040\006\110\000\040\006\047\006\106\006\052\006\056\006\047\006\050\000\040\006\105\006\044\006\104\006\101\006\107\040\014\006\107\006\047}{subsection.4.5}% 59
\BOOKMARK [3][-]{subsubsection.4.5.6}{\376\377\006\054\006\105\006\071\040\014\006\050\006\106\006\057\006\314\000\040\006\101\006\071\006\047\006\104\006\314\006\052\000\040\006\047\006\314\006\063\006\052\006\047\006\057\006\106}{subsection.4.5}% 60
\BOOKMARK [2][-]{subsection.4.6}{\376\377\006\105\006\102\006\047\006\314\006\063\006\107\000\040\006\251\006\104\006\314\000\040\006\101\006\071\006\047\006\104\006\314\006\052\040\014\006\107\006\047}{section.4}% 61
\BOOKMARK [2][-]{subsection.4.7}{\376\377\006\105\006\055\006\057\006\110\006\057\006\314\006\052\040\014\006\107\006\047\006\314\000\040\006\106\006\052\006\047\006\314\006\054}{section.4}% 62
\BOOKMARK [2][-]{subsection.4.8}{\376\377\006\054\006\105\006\071\040\014\006\050\006\106\006\057\006\314\000\040\006\101\006\065\006\104}{section.4}% 63
\BOOKMARK [1][-]{section.5}{\376\377\006\054\006\105\006\071\040\014\006\050\006\106\006\057\006\314\000\040\006\110\000\040\006\176\006\314\006\064\006\106\006\107\006\047\006\057\006\107\006\047}{}% 64
\BOOKMARK [2][-]{subsection.5.1}{\376\377\006\054\006\105\006\071\040\014\006\050\006\106\006\057\006\314\000\040\006\251\006\104\006\314\000\040\006\176\006\230\006\110\006\107\006\064}{section.5}% 65
\BOOKMARK [2][-]{subsection.5.2}{\376\377\006\057\006\063\006\052\006\047\006\110\006\061\006\057\006\107\006\047\006\314\000\040\006\047\006\065\006\104\006\314}{section.5}% 66
\BOOKMARK [2][-]{subsection.5.3}{\376\377\006\054\006\105\006\071\040\014\006\050\006\106\006\057\006\314\000\040\006\106\006\052\006\047\006\314\006\054\000\040\006\101\006\071\006\047\006\104\006\314\006\052\040\014\006\107\006\047}{section.5}% 67
\BOOKMARK [2][-]{subsection.5.4}{\376\377\006\105\006\055\006\057\006\110\006\057\006\314\006\052\040\014\006\107\006\047\006\314\000\040\006\176\006\230\006\110\006\107\006\064}{section.5}% 68
\BOOKMARK [2][-]{subsection.5.5}{\376\377\006\176\006\314\006\064\006\106\006\107\006\047\006\057\006\107\006\047\000\040\006\050\006\061\006\047\006\314\000\040\006\251\006\047\006\061\006\107\006\047\006\314\000\040\006\042\006\314\006\106\006\057\006\107}{section.5}% 69
\BOOKMARK [2][-]{subsection.5.6}{\376\377\006\106\006\052\006\314\006\054\006\107\040\014\006\257\006\314\006\061\006\314\000\040\006\106\006\107\006\047\006\314\006\314}{section.5}% 70
\BOOKMARK [1][-]{section.6}{\376\377\006\176\006\314\006\110\006\063\006\052}{}% 71
\BOOKMARK [2][-]{subsection.6.1}{\376\377\006\064\006\061\006\055\000\040\006\101\006\071\006\047\006\104\006\314\006\052\040\014\006\107\006\047\006\314\000\040\000N\000S\000A\000A\000\040\006\110\000\040\006\176\006\061\006\110\006\052\006\251\006\104\000\040\006\064\006\050\006\314\006\107\040\014\006\063\006\047\006\062\006\314\000\040\006\057\006\061\006\054\006\047\006\052\000\040\006\071\006\105\006\104\006\251\006\061\006\057\006\314}{section.6}% 72
\BOOKMARK [2][-]{subsection.6.2}{\376\377\006\110\006\314\006\230\006\257\006\314\040\014\006\107\006\047\006\314\000\040\006\047\006\063\006\052\006\056\006\061\006\047\006\054\040\014\006\064\006\057\006\107\000\040\006\047\006\062\000\040\006\107\006\061\000\040\006\063\006\314\006\257\006\106\006\047\006\104}{section.6}% 73
\BOOKMARK [3][-]{subsubsection.6.2.1}{\376\377\006\101\006\061\006\105\006\110\006\104\000\040\006\105\006\055\006\047\006\063\006\050\006\107\000\040\006\110\006\314\006\230\006\257\006\314\040\014\006\107\006\047\006\314\000\040\006\047\006\063\006\052\006\056\006\061\006\047\006\054\040\014\006\064\006\057\006\107}{subsection.6.2}% 74
\BOOKMARK [1][-]{section.7}{\376\377\006\105\006\061\006\047\006\054\006\071}{}% 75
