This is XeTeX, Version 3.141592653-2.6-0.999997 (TeX Live 2025) (preloaded format=xelatex 2025.3.8)  17 JUL 2026 16:26
entering extended mode
 restricted \write18 enabled.
 %&-line parsing enabled.
**DMD_Thesis.tex
(./DMD_Thesis.tex
LaTeX2e <2024-11-01> patch level 2
L3 programming layer <2025-01-18>
(/usr/local/texlive/2025/texmf-dist/tex/latex/base/article.cls
Document Class: article 2024/06/29 v1.4n Standard LaTeX document class
(/usr/local/texlive/2025/texmf-dist/tex/latex/base/size12.clo
File: size12.clo 2024/06/29 v1.4n Standard LaTeX file (size option)
)
\c@part=\count192
\c@section=\count193
\c@subsection=\count194
\c@subsubsection=\count195
\c@paragraph=\count196
\c@subparagraph=\count197
\c@figure=\count198
\c@table=\count199
\abovecaptionskip=\skip49
\belowcaptionskip=\skip50
\bibindent=\dimen141
)
(/usr/local/texlive/2025/texmf-dist/tex/latex/geometry/geometry.sty
Package: geometry 2020/01/02 v5.9 Page Geometry

(/usr/local/texlive/2025/texmf-dist/tex/latex/graphics/keyval.sty
Package: keyval 2022/05/29 v1.15 key=value parser (DPC)
\KV@toks@=\toks17
)
(/usr/local/texlive/2025/texmf-dist/tex/generic/iftex/ifvtex.sty
Package: ifvtex 2019/10/25 v1.7 ifvtex legacy package. Use iftex instead.

(/usr/local/texlive/2025/texmf-dist/tex/generic/iftex/iftex.sty
Package: iftex 2024/12/12 v1.0g TeX engine tests
))
\Gm@cnth=\count266
\Gm@cntv=\count267
\c@Gm@tempcnt=\count268
\Gm@bindingoffset=\dimen142
\Gm@wd@mp=\dimen143
\Gm@odd@mp=\dimen144
\Gm@even@mp=\dimen145
\Gm@layoutwidth=\dimen146
\Gm@layoutheight=\dimen147
\Gm@layouthoffset=\dimen148
\Gm@layoutvoffset=\dimen149
\Gm@dimlist=\toks18
)
(/usr/local/texlive/2025/texmf-dist/tex/latex/stocksize/stocksize.sty
Package: stocksize 2024/11/23\ v1.0.3(João M. Lourenço) User defined PDF paper 
(stock) size.
\c@@ss@cnt=\count269
)
(/usr/local/texlive/2025/texmf-dist/tex/latex/graphics/graphicx.sty
Package: graphicx 2021/09/16 v1.2d Enhanced LaTeX Graphics (DPC,SPQR)

(/usr/local/texlive/2025/texmf-dist/tex/latex/graphics/graphics.sty
Package: graphics 2024/08/06 v1.4g Standard LaTeX Graphics (DPC,SPQR)

(/usr/local/texlive/2025/texmf-dist/tex/latex/graphics/trig.sty
Package: trig 2023/12/02 v1.11 sin cos tan (DPC)
)
(/usr/local/texlive/2025/texmf-dist/tex/latex/graphics-cfg/graphics.cfg
File: graphics.cfg 2016/06/04 v1.11 sample graphics configuration
)
Package graphics Info: Driver file: xetex.def on input line 106.

(/usr/local/texlive/2025/texmf-dist/tex/latex/graphics-def/xetex.def
File: xetex.def 2022/09/22 v5.0n Graphics/color driver for xetex
))
\Gin@req@height=\dimen150
\Gin@req@width=\dimen151
)
(/usr/local/texlive/2025/texmf-dist/tex/latex/float/float.sty
Package: float 2001/11/08 v1.3d Float enhancements (AL)
\c@float@type=\count270
\float@exts=\toks19
\float@box=\box52
\@float@everytoks=\toks20
\@floatcapt=\box53
)
(/usr/local/texlive/2025/texmf-dist/tex/latex/caption/caption.sty
Package: caption 2023/08/05 v3.6o Customizing captions (AR)

(/usr/local/texlive/2025/texmf-dist/tex/latex/caption/caption3.sty
Package: caption3 2023/07/31 v2.4d caption3 kernel (AR)
\caption@tempdima=\dimen152
\captionmargin=\dimen153
\caption@leftmargin=\dimen154
\caption@rightmargin=\dimen155
\caption@width=\dimen156
\caption@indent=\dimen157
\caption@parindent=\dimen158
\caption@hangindent=\dimen159
Package caption Info: Standard document class detected.
)
\c@caption@flags=\count271
\c@continuedfloat=\count272
Package caption Info: float package is loaded.
)
(/usr/local/texlive/2025/texmf-dist/tex/latex/booktabs/booktabs.sty
Package: booktabs 2020/01/12 v1.61803398 Publication quality tables
\heavyrulewidth=\dimen160
\lightrulewidth=\dimen161
\cmidrulewidth=\dimen162
\belowrulesep=\dimen163
\belowbottomsep=\dimen164
\aboverulesep=\dimen165
\abovetopsep=\dimen166
\cmidrulesep=\dimen167
\cmidrulekern=\dimen168
\defaultaddspace=\dimen169
\@cmidla=\count273
\@cmidlb=\count274
\@aboverulesep=\dimen170
\@belowrulesep=\dimen171
\@thisruleclass=\count275
\@lastruleclass=\count276
\@thisrulewidth=\dimen172
)
(/usr/local/texlive/2025/texmf-dist/tex/latex/xcolor/xcolor.sty
Package: xcolor 2024/09/29 v3.02 LaTeX color extensions (UK)

(/usr/local/texlive/2025/texmf-dist/tex/latex/graphics-cfg/color.cfg
File: color.cfg 2016/01/02 v1.6 sample color configuration
)
Package xcolor Info: Driver file: xetex.def on input line 274.

(/usr/local/texlive/2025/texmf-dist/tex/latex/graphics/mathcolor.ltx)
Package xcolor Info: Model `cmy' substituted by `cmy0' on input line 1349.
Package xcolor Info: Model `RGB' extended on input line 1365.
Package xcolor Info: Model `HTML' substituted by `rgb' on input line 1367.
Package xcolor Info: Model `Hsb' substituted by `hsb' on input line 1368.
Package xcolor Info: Model `tHsb' substituted by `hsb' on input line 1369.
Package xcolor Info: Model `HSB' substituted by `hsb' on input line 1370.
Package xcolor Info: Model `Gray' substituted by `gray' on input line 1371.
Package xcolor Info: Model `wave' substituted by `hsb' on input line 1372.
)
(/usr/local/texlive/2025/texmf-dist/tex/latex/fancyhdr/fancyhdr.sty
Package: fancyhdr 2025/02/07 v5.2 Extensive control of page headers and footers

\f@nch@headwidth=\skip51
\f@nch@offset@elh=\skip52
\f@nch@offset@erh=\skip53
\f@nch@offset@olh=\skip54
\f@nch@offset@orh=\skip55
\f@nch@offset@elf=\skip56
\f@nch@offset@erf=\skip57
\f@nch@offset@olf=\skip58
\f@nch@offset@orf=\skip59
\f@nch@height=\skip60
\f@nch@footalignment=\skip61
\f@nch@widthL=\skip62
\f@nch@widthC=\skip63
\f@nch@widthR=\skip64
\@temptokenb=\toks21
)
(/usr/local/texlive/2025/texmf-dist/tex/latex/transparent/transparent.sty
Package: transparent 2022-10-27 v1.5 Transparency with color stacks

(/usr/local/texlive/2025/texmf-dist/tex/latex/transparent/transparent-nometadat
a.sty
Package: transparent-nometadata 2022-10-27 v1.5 Transparency via pdfTeX's color
 stack (HO)


Package transparent Warning: Loading aborted, because pdfTeX is not running in 
PDF mode.

)) (/usr/local/texlive/2025/texmf-dist/tex/latex/titlesec/titlesec.sty
Package: titlesec 2025/01/04 v2.17 Sectioning titles
\ttl@box=\box54
\beforetitleunit=\skip65
\aftertitleunit=\skip66
\ttl@plus=\dimen173
\ttl@minus=\dimen174
\ttl@toksa=\toks22
\titlewidth=\dimen175
\titlewidthlast=\dimen176
\titlewidthfirst=\dimen177
)
(/usr/local/texlive/2025/texmf-dist/tex/latex/tools/indentfirst.sty
Package: indentfirst 2023/07/02 v1.03 Indent first paragraph (DPC)
)
(/usr/local/texlive/2025/texmf-dist/tex/latex/amsmath/amsmath.sty
Package: amsmath 2024/11/05 v2.17t AMS math features
\@mathmargin=\skip67

For additional information on amsmath, use the `?' option.
(/usr/local/texlive/2025/texmf-dist/tex/latex/amsmath/amstext.sty
Package: amstext 2021/08/26 v2.01 AMS text

(/usr/local/texlive/2025/texmf-dist/tex/latex/amsmath/amsgen.sty
File: amsgen.sty 1999/11/30 v2.0 generic functions
\@emptytoks=\toks23
\ex@=\dimen178
))
(/usr/local/texlive/2025/texmf-dist/tex/latex/amsmath/amsbsy.sty
Package: amsbsy 1999/11/29 v1.2d Bold Symbols
\pmbraise@=\dimen179
)
(/usr/local/texlive/2025/texmf-dist/tex/latex/amsmath/amsopn.sty
Package: amsopn 2022/04/08 v2.04 operator names
)
\inf@bad=\count277
LaTeX Info: Redefining \frac on input line 233.
\uproot@=\count278
\leftroot@=\count279
LaTeX Info: Redefining \overline on input line 398.
LaTeX Info: Redefining \colon on input line 409.
\classnum@=\count280
\DOTSCASE@=\count281
LaTeX Info: Redefining \ldots on input line 495.
LaTeX Info: Redefining \dots on input line 498.
LaTeX Info: Redefining \cdots on input line 619.
\Mathstrutbox@=\box55
\strutbox@=\box56
LaTeX Info: Redefining \big on input line 721.
LaTeX Info: Redefining \Big on input line 722.
LaTeX Info: Redefining \bigg on input line 723.
LaTeX Info: Redefining \Bigg on input line 724.
\big@size=\dimen180
LaTeX Font Info:    Redeclaring font encoding OML on input line 742.
LaTeX Font Info:    Redeclaring font encoding OMS on input line 743.
\macc@depth=\count282
LaTeX Info: Redefining \bmod on input line 904.
LaTeX Info: Redefining \pmod on input line 909.
LaTeX Info: Redefining \smash on input line 939.
LaTeX Info: Redefining \relbar on input line 969.
LaTeX Info: Redefining \Relbar on input line 970.
\c@MaxMatrixCols=\count283
\dotsspace@=\muskip17
\c@parentequation=\count284
\dspbrk@lvl=\count285
\tag@help=\toks24
\row@=\count286
\column@=\count287
\maxfields@=\count288
\andhelp@=\toks25
\eqnshift@=\dimen181
\alignsep@=\dimen182
\tagshift@=\dimen183
\tagwidth@=\dimen184
\totwidth@=\dimen185
\lineht@=\dimen186
\@envbody=\toks26
\multlinegap=\skip68
\multlinetaggap=\skip69
\mathdisplay@stack=\toks27
LaTeX Info: Redefining \[ on input line 2953.
LaTeX Info: Redefining \] on input line 2954.
)
(/usr/local/texlive/2025/texmf-dist/tex/latex/amsfonts/amssymb.sty
Package: amssymb 2013/01/14 v3.01 AMS font symbols

(/usr/local/texlive/2025/texmf-dist/tex/latex/amsfonts/amsfonts.sty
Package: amsfonts 2013/01/14 v3.01 Basic AMSFonts support
\symAMSa=\mathgroup4
\symAMSb=\mathgroup5
LaTeX Font Info:    Redeclaring math symbol \hbar on input line 98.
LaTeX Font Info:    Overwriting math alphabet `\mathfrak' in version `bold'
(Font)                  U/euf/m/n --> U/euf/b/n on input line 106.
))
(/usr/local/texlive/2025/texmf-dist/tex/latex/tools/longtable.sty
Package: longtable 2024-10-27 v4.22 Multi-page Table package (DPC)
\LTleft=\skip70
\LTright=\skip71
\LTpre=\skip72
\LTpost=\skip73
\LTchunksize=\count289
\LTcapwidth=\dimen187
\LT@head=\box57
\LT@firsthead=\box58
\LT@foot=\box59
\LT@lastfoot=\box60
\LT@gbox=\box61
\LT@cols=\count290
\LT@rows=\count291
\c@LT@tables=\count292
\c@LT@chunks=\count293
\LT@p@ftn=\toks28
)
(/usr/local/texlive/2025/texmf-dist/tex/latex/tools/array.sty
Package: array 2024/10/17 v2.6g Tabular extension package (FMi)
\col@sep=\dimen188
\ar@mcellbox=\box62
\extrarowheight=\dimen189
\NC@list=\toks29
\extratabsurround=\skip74
\backup@length=\skip75
\ar@cellbox=\box63
)
(/usr/local/texlive/2025/texmf-dist/tex/latex/multirow/multirow.sty
Package: multirow 2024/11/12 v2.9 Span multiple rows of a table
\multirow@colwidth=\skip76
\multirow@cntb=\count294
\multirow@dima=\skip77
\bigstrutjot=\dimen190
)
(/usr/local/texlive/2025/texmf-dist/tex/latex/tools/multicol.sty
Package: multicol 2024/09/14 v1.9i multicolumn formatting (FMi)
\c@tracingmulticols=\count295
\mult@box=\box64
\multicol@leftmargin=\dimen191
\c@unbalance=\count296
\c@collectmore=\count297
\doublecol@number=\count298
\multicoltolerance=\count299
\multicolpretolerance=\count300
\full@width=\dimen192
\page@free=\dimen193
\premulticols=\dimen194
\postmulticols=\dimen195
\multicolsep=\skip78
\multicolbaselineskip=\skip79
\partial@page=\box65
\last@line=\box66
\mc@boxedresult=\box67
\maxbalancingoverflow=\dimen196
\mult@rightbox=\box68
\mult@grightbox=\box69
\mult@firstbox=\box70
\mult@gfirstbox=\box71
\@tempa=\box72
\@tempa=\box73
\@tempa=\box74
\@tempa=\box75
\@tempa=\box76
\@tempa=\box77
\@tempa=\box78
\@tempa=\box79
\@tempa=\box80
\@tempa=\box81
\@tempa=\box82
\@tempa=\box83
\@tempa=\box84
\@tempa=\box85
\@tempa=\box86
\@tempa=\box87
\@tempa=\box88
\@tempa=\box89
\@tempa=\box90
\@tempa=\box91
\@tempa=\box92
\@tempa=\box93
\@tempa=\box94
\@tempa=\box95
\@tempa=\box96
\@tempa=\box97
\@tempa=\box98
\@tempa=\box99
\@tempa=\box100
\@tempa=\box101
\@tempa=\box102
\@tempa=\box103
\@tempa=\box104
\@tempa=\box105
\@tempa=\box106
\@tempa=\box107
\c@minrows=\count301
\c@columnbadness=\count302
\c@finalcolumnbadness=\count303
\last@try=\dimen197
\multicolovershoot=\dimen198
\multicolundershoot=\dimen199
\mult@nat@firstbox=\box108
\colbreak@box=\box109
\mc@col@check@num=\count304
)
(/usr/local/texlive/2025/texmf-dist/tex/latex/biblatex/biblatex.sty
Package: biblatex 2024/03/21 v3.20 programmable bibliographies (PK/MW)

(/usr/local/texlive/2025/texmf-dist/tex/generic/pdftexcmds/pdftexcmds.sty
Package: pdftexcmds 2020-06-27 v0.33 Utility functions of pdfTeX for LuaTeX (HO
)

(/usr/local/texlive/2025/texmf-dist/tex/generic/infwarerr/infwarerr.sty
Package: infwarerr 2019/12/03 v1.5 Providing info/warning/error messages (HO)
)
(/usr/local/texlive/2025/texmf-dist/tex/generic/ltxcmds/ltxcmds.sty
Package: ltxcmds 2023-12-04 v1.26 LaTeX kernel commands for general use (HO)
)
Package pdftexcmds Info: \pdf@primitive is available.
Package pdftexcmds Info: \pdf@ifprimitive is available.
Package pdftexcmds Info: \pdfdraftmode not found.
)
(/usr/local/texlive/2025/texmf-dist/tex/latex/etoolbox/etoolbox.sty
Package: etoolbox 2025/02/11 v2.5l e-TeX tools for LaTeX (JAW)
\etb@tempcnta=\count305
)
(/usr/local/texlive/2025/texmf-dist/tex/latex/kvoptions/kvoptions.sty
Package: kvoptions 2022-06-15 v3.15 Key value format for package options (HO)

(/usr/local/texlive/2025/texmf-dist/tex/latex/kvsetkeys/kvsetkeys.sty
Package: kvsetkeys 2022-10-05 v1.19 Key value parser (HO)
))
(/usr/local/texlive/2025/texmf-dist/tex/latex/logreq/logreq.sty
Package: logreq 2010/08/04 v1.0 xml request logger
\lrq@indent=\count306

(/usr/local/texlive/2025/texmf-dist/tex/latex/logreq/logreq.def
File: logreq.def 2010/08/04 v1.0 logreq spec v1.0
))
(/usr/local/texlive/2025/texmf-dist/tex/latex/base/ifthen.sty
Package: ifthen 2024/03/16 v1.1e Standard LaTeX ifthen package (DPC)
)
(/usr/local/texlive/2025/texmf-dist/tex/latex/url/url.sty
\Urlmuskip=\muskip18
Package: url 2013/09/16  ver 3.4  Verb mode for urls, etc.
)
\c@tabx@nest=\count307
\c@listtotal=\count308
\c@listcount=\count309
\c@liststart=\count310
\c@liststop=\count311
\c@citecount=\count312
\c@citetotal=\count313
\c@multicitecount=\count314
\c@multicitetotal=\count315
\c@instcount=\count316
\c@maxnames=\count317
\c@minnames=\count318
\c@maxitems=\count319
\c@minitems=\count320
\c@citecounter=\count321
\c@maxcitecounter=\count322
\c@savedcitecounter=\count323
\c@uniquelist=\count324
\c@uniquename=\count325
\c@refsection=\count326
\c@refsegment=\count327
\c@maxextratitle=\count328
\c@maxextratitleyear=\count329
\c@maxextraname=\count330
\c@maxextradate=\count331
\c@maxextraalpha=\count332
\c@abbrvpenalty=\count333
\c@highnamepenalty=\count334
\c@lownamepenalty=\count335
\c@maxparens=\count336
\c@parenlevel=\count337
\blx@tempcnta=\count338
\blx@tempcntb=\count339
\blx@tempcntc=\count340
\c@blx@maxsection=\count341
\blx@maxsegment@0=\count342
\blx@notetype=\count343
\blx@parenlevel@text=\count344
\blx@parenlevel@foot=\count345
\blx@sectionciteorder@0=\count346
\blx@sectionciteorderinternal@0=\count347
\blx@entrysetcounter=\count348
\blx@biblioinstance=\count349
\labelnumberwidth=\skip80
\labelalphawidth=\skip81
\biblabelsep=\skip82
\bibitemsep=\skip83
\bibnamesep=\skip84
\bibinitsep=\skip85
\bibparsep=\skip86
\bibhang=\skip87
\blx@bcfin=\read2
\blx@bcfout=\write3
\blx@langwohyphens=\language90
\c@mincomprange=\count350
\c@maxcomprange=\count351
\c@mincompwidth=\count352
Package biblatex Info: Trying to load biblatex default data model...
Package biblatex Info: ... file 'blx-dm.def' found.

(/usr/local/texlive/2025/texmf-dist/tex/latex/biblatex/blx-dm.def
File: blx-dm.def 2024/03/21 v3.20 biblatex datamodel (PK/MW)
)
Package biblatex Info: Trying to load biblatex style data model...
Package biblatex Info: ... file 'numeric.dbx' not found.
Package biblatex Info: Trying to load biblatex custom data model...
Package biblatex Info: ... file 'biblatex-dm.cfg' not found.
\c@afterword=\count353
\c@savedafterword=\count354
\c@annotator=\count355
\c@savedannotator=\count356
\c@author=\count357
\c@savedauthor=\count358
\c@bookauthor=\count359
\c@savedbookauthor=\count360
\c@commentator=\count361
\c@savedcommentator=\count362
\c@editor=\count363
\c@savededitor=\count364
\c@editora=\count365
\c@savededitora=\count366
\c@editorb=\count367
\c@savededitorb=\count368
\c@editorc=\count369
\c@savededitorc=\count370
\c@foreword=\count371
\c@savedforeword=\count372
\c@holder=\count373
\c@savedholder=\count374
\c@introduction=\count375
\c@savedintroduction=\count376
\c@namea=\count377
\c@savednamea=\count378
\c@nameb=\count379
\c@savednameb=\count380
\c@namec=\count381
\c@savednamec=\count382
\c@translator=\count383
\c@savedtranslator=\count384
\c@shortauthor=\count385
\c@savedshortauthor=\count386
\c@shorteditor=\count387
\c@savedshorteditor=\count388
\c@labelname=\count389
\c@savedlabelname=\count390
\c@institution=\count391
\c@savedinstitution=\count392
\c@lista=\count393
\c@savedlista=\count394
\c@listb=\count395
\c@savedlistb=\count396
\c@listc=\count397
\c@savedlistc=\count398
\c@listd=\count399
\c@savedlistd=\count400
\c@liste=\count401
\c@savedliste=\count402
\c@listf=\count403
\c@savedlistf=\count404
\c@location=\count405
\c@savedlocation=\count406
\c@organization=\count407
\c@savedorganization=\count408
\c@origlocation=\count409
\c@savedoriglocation=\count410
\c@origpublisher=\count411
\c@savedorigpublisher=\count412
\c@publisher=\count413
\c@savedpublisher=\count414
\c@language=\count415
\c@savedlanguage=\count416
\c@origlanguage=\count417
\c@savedoriglanguage=\count418
\c@pageref=\count419
\c@savedpageref=\count420
\shorthandwidth=\skip88
\shortjournalwidth=\skip89
\shortserieswidth=\skip90
\shorttitlewidth=\skip91
\shortauthorwidth=\skip92
\shorteditorwidth=\skip93
\locallabelnumberwidth=\skip94
\locallabelalphawidth=\skip95
\localshorthandwidth=\skip96
\localshortjournalwidth=\skip97
\localshortserieswidth=\skip98
\localshorttitlewidth=\skip99
\localshortauthorwidth=\skip100
\localshorteditorwidth=\skip101
Package biblatex Info: Trying to load enhanced support for Unicode engines...
Package biblatex Info: ... file 'blx-unicode.def' found.

(/usr/local/texlive/2025/texmf-dist/tex/latex/biblatex/blx-unicode.def)
Package biblatex Info: Trying to load compatibility code...
Package biblatex Info: ... file 'blx-compat.def' found.

(/usr/local/texlive/2025/texmf-dist/tex/latex/biblatex/blx-compat.def
File: blx-compat.def 2024/03/21 v3.20 biblatex compatibility (PK/MW)
)
Package biblatex Info: Trying to load generic definitions...
Package biblatex Info: ... file 'biblatex.def' found.

(/usr/local/texlive/2025/texmf-dist/tex/latex/biblatex/biblatex.def
File: biblatex.def 2024/03/21 v3.20 biblatex compatibility (PK/MW)
\c@textcitecount=\count421
\c@textcitetotal=\count422
\c@textcitemaxnames=\count423
\c@biburlbigbreakpenalty=\count424
\c@biburlbreakpenalty=\count425
\c@biburlnumpenalty=\count426
\c@biburlucpenalty=\count427
\c@biburllcpenalty=\count428
\biburlbigskip=\muskip19
\biburlnumskip=\muskip20
\biburlucskip=\muskip21
\biburllcskip=\muskip22
\c@smartand=\count429
)
Package biblatex Info: Trying to load bibliography style 'numeric'...
Package biblatex Info: ... file 'numeric.bbx' found.

(/usr/local/texlive/2025/texmf-dist/tex/latex/biblatex/bbx/numeric.bbx
File: numeric.bbx 2024/03/21 v3.20 biblatex bibliography style (PK/MW)
Package biblatex Info: Trying to load bibliography style 'standard'...
Package biblatex Info: ... file 'standard.bbx' found.

(/usr/local/texlive/2025/texmf-dist/tex/latex/biblatex/bbx/standard.bbx
File: standard.bbx 2024/03/21 v3.20 biblatex bibliography style (PK/MW)
\c@bbx:relatedcount=\count430
\c@bbx:relatedtotal=\count431
))
Package biblatex Info: Trying to load citation style 'numeric'...
Package biblatex Info: ... file 'numeric.cbx' found.

(/usr/local/texlive/2025/texmf-dist/tex/latex/biblatex/cbx/numeric.cbx
File: numeric.cbx 2024/03/21 v3.20 biblatex citation style (PK/MW)
Package biblatex Info: Redefining '\cite'.
Package biblatex Info: Redefining '\parencite'.
Package biblatex Info: Redefining '\footcite'.
Package biblatex Info: Redefining '\footcitetext'.
Package biblatex Info: Redefining '\smartcite'.
Package biblatex Info: Redefining '\supercite'.
Package biblatex Info: Redefining '\textcite'.
Package biblatex Info: Redefining '\textcites'.
Package biblatex Info: Redefining '\cites'.
Package biblatex Info: Redefining '\parencites'.
Package biblatex Info: Redefining '\smartcites'.
)
Package biblatex Info: Trying to load configuration file...
Package biblatex Info: ... file 'biblatex.cfg' found.

(/usr/local/texlive/2025/texmf-dist/tex/latex/biblatex/biblatex.cfg
File: biblatex.cfg 
)
Package biblatex Info: XeTeX detected.
(biblatex)             Assuming input encoding 'utf8'.
Package biblatex Info: Document encoding is UTF8 ....

(/usr/local/texlive/2025/texmf-dist/tex/latex/l3kernel/expl3.sty
Package: expl3 2025-01-18 L3 programming layer (loader) 

(/usr/local/texlive/2025/texmf-dist/tex/latex/l3backend/l3backend-xetex.def
File: l3backend-xetex.def 2024-05-08 L3 backend support: XeTeX
\g__graphics_track_int=\count432
\l__pdf_internal_box=\box110
\g__pdf_backend_annotation_int=\count433
\g__pdf_backend_link_int=\count434
))
Package biblatex Info: ... and expl3
(biblatex)             2025-01-18 L3 programming layer (loader) 
(biblatex)             is new enough (at least 2020/04/06),
(biblatex)             setting 'casechanger=expl3'.

(/usr/local/texlive/2025/texmf-dist/tex/latex/biblatex/blx-case-expl3.sty
(/usr/local/texlive/2025/texmf-dist/tex/latex/l3packages/xparse/xparse.sty
Package: xparse 2024-08-16 L3 Experimental document command parser
)
Package: blx-case-expl3 2024/03/21 v3.20 expl3 case changing code for biblatex
))
(/usr/local/texlive/2025/texmf-dist/tex/latex/hyperref/hyperref.sty
Package: hyperref 2024-11-05 v7.01l Hypertext links for LaTeX

(/usr/local/texlive/2025/texmf-dist/tex/generic/kvdefinekeys/kvdefinekeys.sty
Package: kvdefinekeys 2019-12-19 v1.6 Define keys (HO)
)
(/usr/local/texlive/2025/texmf-dist/tex/generic/pdfescape/pdfescape.sty
Package: pdfescape 2019/12/09 v1.15 Implements pdfTeX's escape features (HO)
)
(/usr/local/texlive/2025/texmf-dist/tex/latex/hycolor/hycolor.sty
Package: hycolor 2020-01-27 v1.10 Color options for hyperref/bookmark (HO)
)
(/usr/local/texlive/2025/texmf-dist/tex/latex/hyperref/nameref.sty
Package: nameref 2023-11-26 v2.56 Cross-referencing by name of section

(/usr/local/texlive/2025/texmf-dist/tex/latex/refcount/refcount.sty
Package: refcount 2019/12/15 v3.6 Data extraction from label references (HO)
)
(/usr/local/texlive/2025/texmf-dist/tex/generic/gettitlestring/gettitlestring.s
ty
Package: gettitlestring 2019/12/15 v1.6 Cleanup title references (HO)
)
\c@section@level=\count435
) (/usr/local/texlive/2025/texmf-dist/tex/generic/stringenc/stringenc.sty
Package: stringenc 2019/11/29 v1.12 Convert strings between diff. encodings (HO
)
)
\@linkdim=\dimen256
\Hy@linkcounter=\count436
\Hy@pagecounter=\count437

(/usr/local/texlive/2025/texmf-dist/tex/latex/hyperref/pd1enc.def
File: pd1enc.def 2024-11-05 v7.01l Hyperref: PDFDocEncoding definition (HO)
)
(/usr/local/texlive/2025/texmf-dist/tex/generic/intcalc/intcalc.sty
Package: intcalc 2019/12/15 v1.3 Expandable calculations with integers (HO)
)
\Hy@SavedSpaceFactor=\count438

(/usr/local/texlive/2025/texmf-dist/tex/latex/hyperref/puenc.def
File: puenc.def 2024-11-05 v7.01l Hyperref: PDF Unicode definition (HO)
)
Package hyperref Info: Hyper figures OFF on input line 4157.
Package hyperref Info: Link nesting OFF on input line 4162.
Package hyperref Info: Hyper index ON on input line 4165.
Package hyperref Info: Plain pages OFF on input line 4172.
Package hyperref Info: Backreferencing OFF on input line 4177.
Package hyperref Info: Implicit mode ON; LaTeX internals redefined.
Package hyperref Info: Bookmarks ON on input line 4424.
\c@Hy@tempcnt=\count439
LaTeX Info: Redefining \url on input line 4763.
\XeTeXLinkMargin=\dimen257

(/usr/local/texlive/2025/texmf-dist/tex/generic/bitset/bitset.sty
Package: bitset 2019/12/09 v1.3 Handle bit-vector datatype (HO)

(/usr/local/texlive/2025/texmf-dist/tex/generic/bigintcalc/bigintcalc.sty
Package: bigintcalc 2019/12/15 v1.5 Expandable calculations on big integers (HO
)
))
\Fld@menulength=\count440
\Field@Width=\dimen258
\Fld@charsize=\dimen259
Package hyperref Info: Hyper figures OFF on input line 6042.
Package hyperref Info: Link nesting OFF on input line 6047.
Package hyperref Info: Hyper index ON on input line 6050.
Package hyperref Info: backreferencing OFF on input line 6057.
Package hyperref Info: Link coloring OFF on input line 6062.
Package hyperref Info: Link coloring with OCG OFF on input line 6067.
Package hyperref Info: PDF/A mode OFF on input line 6072.

(/usr/local/texlive/2025/texmf-dist/tex/latex/base/atbegshi-ltx.sty
Package: atbegshi-ltx 2021/01/10 v1.0c Emulation of the original atbegshi
package with kernel methods
)
\Hy@abspage=\count441
\c@Item=\count442
\c@Hfootnote=\count443
)
Package hyperref Info: Driver (autodetected): hxetex.

(/usr/local/texlive/2025/texmf-dist/tex/latex/hyperref/hxetex.def
File: hxetex.def 2024-11-05 v7.01l Hyperref driver for XeTeX
\pdfm@box=\box111
\c@Hy@AnnotLevel=\count444
\HyField@AnnotCount=\count445
\Fld@listcount=\count446
\c@bookmark@seq@number=\count447

(/usr/local/texlive/2025/texmf-dist/tex/latex/rerunfilecheck/rerunfilecheck.sty
Package: rerunfilecheck 2022-07-10 v1.10 Rerun checks for auxiliary files (HO)
(/usr/local/texlive/2025/texmf-dist/tex/latex/base/atveryend-ltx.sty
Package: atveryend-ltx 2020/08/19 v1.0a Emulation of the original atveryend pac
kage
with kernel methods
)
(/usr/local/texlive/2025/texmf-dist/tex/generic/uniquecounter/uniquecounter.sty
Package: uniquecounter 2019/12/15 v1.4 Provide unlimited unique counter (HO)
)
Package uniquecounter Info: New unique counter `rerunfilecheck' on input line 2
85.
)
\Hy@SectionHShift=\skip102
)
Package hyperref Info: Option `colorlinks' set `true' on input line 81.
 (./ProjectReportTemplate.sty
Package: ProjectReportTemplate 2026/02/09 Robust Persian Project/Article Report
 Template v2
)
(/usr/local/texlive/2025/texmf-dist/tex/xelatex/xepersian/xepersian.sty
Package: xepersian 2025/02/02 v25.2.2 (Release Persian Gate) Persian typesettin
g in XeLaTeX

****************************************************
* 
* xepersian package (Persian for LaTeX, using XeTeX engine)
* 
* Description: The package supports Persian
* typesetting, using fonts provided in the
* distribution.
* 
* Copyright (c) 2008--2025 Vafa Khalighi
* Copyright (c) 2018--2020 bidi-tex GitHub Organization
* 
* v25.2.2 (Release Persian Gate), 2025/02/02
* 
* License: LaTeX Project Public License, version
* 1.3c or higher (your choice)
* 
* Location on CTAN: /macros/xetex/latex/xepersian
* 
* Issue tracker: https://github.com/xepersian/xepersian/issues
* 
* Discussions: https://github.com/xepersian/xepersian/discussions
* 
* Primary author of xepersian package: Vafa Khalighi.
* 
****************************************************
(/usr/local/texlive/2025/texmf-dist/tex/latex/fontspec/fontspec.sty
Package: fontspec 2024/05/11 v2.9e Font selection for XeLaTeX and LuaLaTeX

(/usr/local/texlive/2025/texmf-dist/tex/latex/fontspec/fontspec-xetex.sty
Package: fontspec-xetex 2024/05/11 v2.9e Font selection for XeLaTeX and LuaLaTe
X
\l__fontspec_script_int=\count448
\l__fontspec_language_int=\count449
\l__fontspec_strnum_int=\count450
\l__fontspec_tmp_int=\count451
\l__fontspec_tmpa_int=\count452
\l__fontspec_tmpb_int=\count453
\l__fontspec_tmpc_int=\count454
\l__fontspec_em_int=\count455
\l__fontspec_emdef_int=\count456
\l__fontspec_strong_int=\count457
\l__fontspec_strongdef_int=\count458
\l__fontspec_tmpa_dim=\dimen260
\l__fontspec_tmpb_dim=\dimen261
\l__fontspec_tmpc_dim=\dimen262

(/usr/local/texlive/2025/texmf-dist/tex/latex/base/fontenc.sty
Package: fontenc 2021/04/29 v2.0v Standard LaTeX package
)
(/usr/local/texlive/2025/texmf-dist/tex/latex/fontspec/fontspec.cfg)))
(/usr/local/texlive/2025/texmf-dist/tex/xelatex/xepersian/xepersian-persiancal.
sty
Package: xepersian-persiancal 2025/01/01 v0.3 provides Persian calendar
\XePersian@i=\count459
\XePersian@y=\count460
\XePersian@m=\count461
\XePersian@d=\count462
\XePersian@latini=\count463
\XePersian@persiani=\count464
\XePersian@latinii=\count465
\XePersian@persianii=\count466
\XePersian@latiniii=\count467
\XePersian@persianiii=\count468
\XePersian@latiniv=\count469
\XePersian@persianiv=\count470
\XePersian@latinv=\count471
\XePersian@persianv=\count472
\XePersian@latinvi=\count473
\XePersian@persianvi=\count474
\XePersian@latinvii=\count475
\XePersian@persianvii=\count476
\XePersian@latinviii=\count477
\XePersian@persianviii=\count478
\XePersian@latinix=\count479
\XePersian@persianix=\count480
\XePersian@latinx=\count481
\XePersian@persianx=\count482
\XePersian@latinxi=\count483
\XePersian@persianxi=\count484
\XePersian@latinxii=\count485
\XePersian@persianxii=\count486
\XePersian@persianxiii=\count487
\XePersian@temp=\count488
\XePersian@temptwo=\count489
\XePersian@tempthree=\count490
\XePersian@yModHundred=\count491
\XePersian@thirtytwo=\count492
\XePersian@dn=\count493
\XePersian@sn=\count494
\XePersian@mminusone=\count495
)
(/usr/local/texlive/2025/texmf-dist/tex/xelatex/xepersian/unicode-persianmath.s
ty
Package: unicode-persianmath 2025/02/02 v1.2.3 Unicode Persian math
) (/usr/local/texlive/2025/texmf-dist/tex/xelatex/bidi/bidi.sty
Package: bidi 2025/02/02 v25.2.2 (Release Maryam Mirzakhani) Bidirectional type
setting in plain TeX and LaTeX

****************************************************
* 
* bidi package (Bidirectional typesetting in
* plain TeX and LaTeX, using XeTeX engine)
* 
* Description: A convenient interface for
* typesetting bidirectional texts in plain TeX
* and LaTeX. The package includes adaptations
* for use with many other commonly-used packages.
* 
* Copyright (c) 2007--2025 Vafa Khalighi
* Copyright (c) 2018--2020 bidi-tex GitHub organization
* 
* v25.2.2 (Release Maryam Mirzakhani), 2025/02/02
* 
* License: LaTeX Project Public License, version
* 1.3c or higher (your choice)
* 
* Location on CTAN: /macros/xetex/latex/bidi
* 
* Issue tracker: https://github.com/xepersian/bidi/issues
* 
* Discussions: https://github.com/xepersian/bidi/discussions
* 
* Primary author of bidi package: Vafa Khalighi.
* 
****************************************************
(/usr/local/texlive/2025/texmf-dist/tex/xelatex/bidi/biditools.sty
Package: biditools 2025/02/02 v2.7 Programming tools for bidi package
\@bidi@envbody=\toks30
\@bidi@emptytoks=\toks31
\bidi@poscount=\count496
\bidi@tempcountb=\count497
\bidi@temptoksa=\toks32
\bidi@temptoksb=\toks33
\bidi@dummies=\count498
\bidi@are@these@correct=\toks34
\bidi@toks@lista=\toks35
\bidi@toks@listb=\toks36
\bidi@stack@length=\count499
\bidi@empty@stack=\toks37
\bidi@looprepeat@depth=\count500
)
(/usr/local/texlive/2025/texmf-dist/tex/latex/zref/zref-abspage.sty
Package: zref-abspage 2023-09-14 v2.35 Module abspage for zref (HO)

(/usr/local/texlive/2025/texmf-dist/tex/latex/zref/zref-base.sty
Package: zref-base 2023-09-14 v2.35 Module base for zref (HO)

(/usr/local/texlive/2025/texmf-dist/tex/generic/etexcmds/etexcmds.sty
Package: etexcmds 2019/12/15 v1.7 Avoid name clashes with e-TeX commands (HO)
)
(/usr/local/texlive/2025/texmf-dist/tex/latex/auxhook/auxhook.sty
Package: auxhook 2019-12-17 v1.6 Hooks for auxiliary files (HO)
)
Package zref Info: New property list: main on input line 767.
Package zref Info: New property: default on input line 768.
Package zref Info: New property: page on input line 769.
)
\c@abspage=\count501
Package zref Info: New property: abspage on input line 67.
)
\@bidi@copyins@=\insert252
\bidi@typesethour=\count502
\bidi@typesetminute=\count503

(/usr/local/texlive/2025/texmf-dist/tex/xelatex/bidi/latex-xetex-bidi.def
File: latex-xetex-bidi.def 2025/01/03 v1.5.2 bidi adaptations for `latex.ltx' f
or XeTeX engine
\bidi@n@everypar=\toks38
LaTeX Info: Redefining \centerline on input line 316.
LaTeX Info: Redefining \leftline on input line 325.
LaTeX Info: Redefining \rightline on input line 326.
LaTeX Info: Redefining \underline on input line 334.
\bidi@column@check@number=\count504

(/usr/local/texlive/2025/texmf-dist/tex/xelatex/bidi/footnote-xetex-bidi.def
File: footnote-xetex-bidi.def 2024/12/14 v1.3 bidi footnote macros for XeTeX en
gine
\c@footdir@label=\count505
\footdir@toks=\toks39
)
(/usr/local/texlive/2025/texmf-dist/tex/xelatex/bidi/article-xetex-bidi.def
File: article-xetex-bidi.def 2025/01/05 v0.9 bidi adaptations for standard arti
cle class for XeTeX engine
)
(/usr/local/texlive/2025/texmf-dist/tex/xelatex/bidi/amsmath-xetex-bidi.def
File: amsmath-xetex-bidi.def 2020/05/16 v1.2 bidi adaptations for amsmath packa
ge for XeTeX engine
)
(/usr/local/texlive/2025/texmf-dist/tex/xelatex/bidi/amstext-xetex-bidi.def
File: amstext-xetex-bidi.def 2016/09/12 v0.2 bidi adaptations for amstext packa
ge for XeTeX engine
)
(/usr/local/texlive/2025/texmf-dist/tex/xelatex/bidi/array-xetex-bidi.def
File: array-xetex-bidi.def 2024/12/10 v0.5 bidi adaptations for array package f
or XeTeX engine
)
(/usr/local/texlive/2025/texmf-dist/tex/xelatex/bidi/caption-xetex-bidi.def
File: caption-xetex-bidi.def 2010/07/25 v0.1 bidi adaptations for caption packa
ge for XeTeX engine
)
(/usr/local/texlive/2025/texmf-dist/tex/xelatex/bidi/caption3-xetex-bidi.def
File: caption3-xetex-bidi.def 2013/04/01 v0.1 bidi adaptations for caption3 pac
kage for XeTeX engine
)
(/usr/local/texlive/2025/texmf-dist/tex/xelatex/bidi/color-xetex-bidi.def
File: color-xetex-bidi.def 2013/04/08 v0.2 bidi adaptations for color package f
or XeTeX engine
LaTeX Info: Redefining \color on input line 49.
)
(/usr/local/texlive/2025/texmf-dist/tex/xelatex/bidi/fancyhdr-xetex-bidi.def
File: fancyhdr-xetex-bidi.def 2025/01/07 v0.9 bidi adaptations for fancyhdr pac
kage for XeTeX engine


Package bidi Warning: Oops! patching `\f@nch@hfbox@center' failed.


Package bidi Warning: Oops! patching `\f@nch@hfbox@center' failed.


Package bidi Warning: Oops! patching `\f@nch@hfbox@fit' failed.


Package bidi Warning: Oops! patching `\f@nch@hfbox@fit' failed.

) (/usr/local/texlive/2025/texmf-dist/tex/xelatex/bidi/float-xetex-bidi.def
File: float-xetex-bidi.def 2013/04/04 v0.2 bidi adaptations for float package f
or XeTeX engine
)
(/usr/local/texlive/2025/texmf-dist/tex/xelatex/bidi/geometry-xetex-bidi.def
File: geometry-xetex-bidi.def 2017/01/14 v0.2 bidi adaptations for geometry pac
kage for XeTeX engine
)
(/usr/local/texlive/2025/texmf-dist/tex/xelatex/bidi/graphicx-xetex-bidi.def
File: graphicx-xetex-bidi.def 2017/06/17 v0.5 bidi adaptations for graphicx pac
kage for XeTeX engine
)
(/usr/local/texlive/2025/texmf-dist/tex/xelatex/bidi/hyperref-xetex-bidi.def
File: hyperref-xetex-bidi.def 2025/01/05 v1.4 bidi adaptations for hyperref pac
kage for XeTeX engine
)
(/usr/local/texlive/2025/texmf-dist/tex/xelatex/bidi/longtable-xetex-bidi.def
File: longtable-xetex-bidi.def 2025/01/05 v0.8 bidi adaptations for longtable p
ackage for XeTeX engine
)
(/usr/local/texlive/2025/texmf-dist/tex/xelatex/bidi/multicol-xetex-bidi.def
File: multicol-xetex-bidi.def 2022/07/10 v1.4 bidi adaptations for multicol pac
kage for XeTeX engine
)
(/usr/local/texlive/2025/texmf-dist/tex/xelatex/bidi/titlesec-xetex-bidi.def
File: titlesec-xetex-bidi.def 2010/07/25 v0.1 bidi adaptations for titlesec pac
kage for XeTeX engine
)
(/usr/local/texlive/2025/texmf-dist/tex/xelatex/bidi/xcolor-xetex-bidi.def
File: xcolor-xetex-bidi.def 2022/06/13 v0.3 bidi adaptations for xcolor package
 for XeTeX engine
LaTeX Info: Redefining \color on input line 48.
LaTeX Info: Redefining \bidicolor on input line 91.
))
\bidi@digits=\count506
\bidi@digits@charclass=\XeTeXcharclass1
\bidi@sepmark@charclass=\XeTeXcharclass2
)
\xepersian@tcl=\count507
\xepersian@ilg=\dimen263
\xepersian@strutilg=\dimen264

(/usr/local/texlive/2025/texmf-dist/tex/xelatex/xepersian/footnote-xetex-bidi-x
etex-xepersian.def
File: footnote-xetex-bidi-xetex-xepersian.def 2017/08/09 v0.6 xepersian adaptat
ions for footnotes for XeTeX engine
)
(/usr/local/texlive/2025/texmf-dist/tex/xelatex/xepersian/article-xetex-xepersi
an.def
File: article-xetex-xepersian.def 2010/07/25 v0.2 xepersian adaptations for sta
ndard article class for XeTeX engine
)
(/usr/local/texlive/2025/texmf-dist/tex/xelatex/xepersian/hyperref-xetex-xepers
ian.def
File: hyperref-xetex-xepersian.def 2022/10/30 v0.8 xepersian adaptations for hy
perref package for XeTeX engine
)
(/usr/local/texlive/2025/texmf-dist/tex/xelatex/xepersian/url-xetex-xepersian.d
ef
File: url-xetex-xepersian.def 2022/02/18 v0.1 xepersian adaptations for url pac
kage for XeTeX engine
)
\xepersian@toks=\toks40
)

Package fontspec Info: 
(fontspec)             Font family 'lmroman10-regular(0)' created for font
(fontspec)             'lmroman10-regular' with options
(fontspec)             [Ligatures=TeX,Path,BoldFont={lmroman10-bold},BoldItalic
Font={lmroman10-bolditalic},ItalicFont={lmroman10-italic},SmallCapsFont={lmroma
ncaps10-regular},SlantedFont={lmromanslant10-regular},BoldSlantedFont={lmromans
lant10-bold}].
(fontspec)              
(fontspec)              This font family consists of the following NFSS
(fontspec)             series/shapes:
(fontspec)              
(fontspec)             - 'normal' (m/n) with NFSS spec.:
(fontspec)             <->"[lmroman10-regular]/OT:script=latn;language=dflt;map
ping=tex-text;"
(fontspec)             - 'small caps'  (m/sc) with NFSS spec.:
(fontspec)             <->"[lmromancaps10-regular]/OT:script=latn;language=dflt
;mapping=tex-text;"
(fontspec)             - 'bold' (b/n) with NFSS spec.:
(fontspec)             <->"[lmroman10-bold]/OT:script=latn;language=dflt;mappin
g=tex-text;"
(fontspec)             - 'bold small caps'  (b/sc) with NFSS spec.:
(fontspec)             <->"[lmromancaps10-regular]/OT:script=latn;language=dflt
;mapping=tex-text;"
(fontspec)             - 'italic' (m/it) with NFSS spec.:
(fontspec)             <->"[lmroman10-italic]/OT:script=latn;language=dflt;mapp
ing=tex-text;"
(fontspec)             - 'italic small caps'  (m/scit) with NFSS spec.:
(fontspec)             <->"[lmromancaps10-regular]/OT:script=latn;language=dflt
;mapping=tex-text;"
(fontspec)             - 'slanted' (m/sl) with NFSS spec.:
(fontspec)             <->"[lmromanslant10-regular]/OT:script=latn;language=dfl
t;mapping=tex-text;"
(fontspec)             - 'slanted small caps'  (m/scsl) with NFSS spec.:
(fontspec)             <->"[lmromancaps10-regular]/OT:script=latn;language=dflt
;mapping=tex-text;"
(fontspec)             - 'bold italic' (b/it) with NFSS spec.:
(fontspec)             <->"[lmroman10-bolditalic]/OT:script=latn;language=dflt;
mapping=tex-text;"
(fontspec)             - 'bold italic small caps'  (b/scit) with NFSS spec.:
(fontspec)             <->"[lmromancaps10-regular]/OT:script=latn;language=dflt
;mapping=tex-text;"
(fontspec)             - 'bold slanted' (b/sl) with NFSS spec.:
(fontspec)             <->"[lmromanslant10-bold]/OT:script=latn;language=dflt;m
apping=tex-text;"
(fontspec)             - 'bold slanted small caps'  (b/scsl) with NFSS spec.:
(fontspec)             <->"[lmromancaps10-regular]/OT:script=latn;language=dflt
;mapping=tex-text;"


Package fontspec Info: 
(fontspec)             B Nazanin scale = 1.1.


Package fontspec Info: 
(fontspec)             Could not resolve font "B Nazanin/I" (it probably
(fontspec)             doesn't exist).


Package fontspec Info: 
(fontspec)             B Nazanin scale = 1.1.


Package fontspec Info: 
(fontspec)             B Nazanin/B scale = 1.1.


Package fontspec Info: 
(fontspec)             B Nazanin/BI scale = 1.1.


Package fontspec Info: 
(fontspec)             Font family 'BNazanin(0)' created for font 'B Nazanin'
(fontspec)             with options
(fontspec)             [RawFeature={script=arab},Ligatures=PersianTeX,Scale=1.1
].
(fontspec)              
(fontspec)              This font family consists of the following NFSS
(fontspec)             series/shapes:
(fontspec)              
(fontspec)             - 'normal' (m/n) with NFSS spec.: <->s*[1.1]"B
(fontspec)             Nazanin/OT:language=dflt;script=arab;mapping=persian-tex
-text;"
(fontspec)             - 'bold' (b/n) with NFSS spec.: <->s*[1.1]"B
(fontspec)             Nazanin/B/OT:language=dflt;script=arab;mapping=persian-t
ex-text;"
(fontspec)             - 'bold italic' (b/it) with NFSS spec.: <->s*[1.1]"B
(fontspec)             Nazanin/BI/OT:language=dflt;script=arab;mapping=persian-
tex-text;"

LaTeX Font Info:    Font shape `TU/BNazanin(0)/m/n' will be
(Font)              scaled to size 13.20007pt on input line 98.

Package fontspec Info: 
(fontspec)             Times New Roman scale = 0.9.


Package fontspec Info: 
(fontspec)             Times New Roman scale = 0.9.


Package fontspec Info: 
(fontspec)             Times New Roman/B scale = 0.9.


Package fontspec Info: 
(fontspec)             Times New Roman/I scale = 0.9.


Package fontspec Info: 
(fontspec)             Times New Roman/BI scale = 0.9.


Package fontspec Info: 
(fontspec)             Font family 'TimesNewRoman(0)' created for font 'Times
(fontspec)             New Roman' with options [Ligatures=TeX,Scale=0.9].
(fontspec)              
(fontspec)              This font family consists of the following NFSS
(fontspec)             series/shapes:
(fontspec)              
(fontspec)             - 'normal' (m/n) with NFSS spec.: <->s*[0.9]"Times New
(fontspec)             Roman/OT:script=latn;language=dflt;mapping=tex-text;"
(fontspec)             - 'bold' (b/n) with NFSS spec.: <->s*[0.9]"Times New
(fontspec)             Roman/B/OT:script=latn;language=dflt;mapping=tex-text;"
(fontspec)             - 'italic' (m/it) with NFSS spec.: <->s*[0.9]"Times New
(fontspec)             Roman/I/OT:script=latn;language=dflt;mapping=tex-text;"
(fontspec)             - 'bold italic' (b/it) with NFSS spec.:
(fontspec)             <->s*[0.9]"Times New
(fontspec)             Roman/BI/OT:script=latn;language=dflt;mapping=tex-text;"


LaTeX Info: Redefining \latinfont on input line 98.

Package fontspec Info: 
(fontspec)             Times New Roman scale = 0.9.


Package fontspec Info: 
(fontspec)             Times New Roman scale = 0.9.


Package fontspec Info: 
(fontspec)             Times New Roman/B scale = 0.9.


Package fontspec Info: 
(fontspec)             Times New Roman/I scale = 0.9.


Package fontspec Info: 
(fontspec)             Times New Roman/BI scale = 0.9.


Package fontspec Info: 
(fontspec)             Font family 'TimesNewRoman(1)' created for font 'Times
(fontspec)             New Roman' with options
(fontspec)             [Ligatures=PersianTeX,Scale=0.9].
(fontspec)              
(fontspec)              This font family consists of the following NFSS
(fontspec)             series/shapes:
(fontspec)              
(fontspec)             - 'normal' (m/n) with NFSS spec.: <->s*[0.9]"Times New
(fontspec)             Roman/OT:script=latn;language=dflt;mapping=persian-tex-t
ext;"
(fontspec)             - 'bold' (b/n) with NFSS spec.: <->s*[0.9]"Times New
(fontspec)             Roman/B/OT:script=latn;language=dflt;mapping=persian-tex
-text;"
(fontspec)             - 'italic' (m/it) with NFSS spec.: <->s*[0.9]"Times New
(fontspec)             Roman/I/OT:script=latn;language=dflt;mapping=persian-tex
-text;"
(fontspec)             - 'bold italic' (b/it) with NFSS spec.:
(fontspec)             <->s*[0.9]"Times New
(fontspec)             Roman/BI/OT:script=latn;language=dflt;mapping=persian-te
x-text;"


Package fontspec Info: 
(fontspec)             Times New Roman scale = 0.9.


Package fontspec Info: 
(fontspec)             Times New Roman scale = 0.9.


Package fontspec Info: 
(fontspec)             Times New Roman/B scale = 0.9.


Package fontspec Info: 
(fontspec)             Times New Roman/I scale = 0.9.


Package fontspec Info: 
(fontspec)             Times New Roman/BI scale = 0.9.


Package fontspec Info: 
(fontspec)             Font family 'TimesNewRoman(2)' created for font 'Times
(fontspec)             New Roman' with options [Scale=0.9].
(fontspec)              
(fontspec)              This font family consists of the following NFSS
(fontspec)             series/shapes:
(fontspec)              
(fontspec)             - 'normal' (m/n) with NFSS spec.: <->s*[0.9]"Times New
(fontspec)             Roman/OT:script=latn;language=dflt;"
(fontspec)             - 'bold' (b/n) with NFSS spec.: <->s*[0.9]"Times New
(fontspec)             Roman/B/OT:script=latn;language=dflt;"
(fontspec)             - 'italic' (m/it) with NFSS spec.: <->s*[0.9]"Times New
(fontspec)             Roman/I/OT:script=latn;language=dflt;"
(fontspec)             - 'bold italic' (b/it) with NFSS spec.:
(fontspec)             <->s*[0.9]"Times New
(fontspec)             Roman/BI/OT:script=latn;language=dflt;"

Package unicode-persianmath Info: DefiningthedefaultPersianmathdigitsfontas'Tim
es New Roman' on input line 99.
\sympersianoperators=\mathgroup6
\sympersianoperatorsbf=\mathgroup7
\sympersianoperatorsit=\mathgroup8
\@quotelevel=\count508
\@quotereset=\count509
 (/usr/local/texlive/2025/texmf-dist/tex/xelatex/bidi/float-xetex-bidi.def
File: float-xetex-bidi.def 2013/04/04 v0.2 bidi adaptations for float package f
or XeTeX engine
) (./DMD_Thesis.aux (./Front/Title/info.aux) (./Front/Title/title.aux)
(./Front/Title/title-eng.aux))
\openout1 = `DMD_Thesis.aux'.

LaTeX Font Info:    Checking defaults for OML/cmm/m/it on input line 181.
LaTeX Font Info:    ... okay on input line 181.
LaTeX Font Info:    Checking defaults for OMS/cmsy/m/n on input line 181.
LaTeX Font Info:    ... okay on input line 181.
LaTeX Font Info:    Checking defaults for OT1/cmr/m/n on input line 181.
LaTeX Font Info:    ... okay on input line 181.
LaTeX Font Info:    Checking defaults for T1/cmr/m/n on input line 181.
LaTeX Font Info:    ... okay on input line 181.
LaTeX Font Info:    Checking defaults for TS1/cmr/m/n on input line 181.
LaTeX Font Info:    ... okay on input line 181.
LaTeX Font Info:    Checking defaults for TU/lmr/m/n on input line 181.
LaTeX Font Info:    ... okay on input line 181.
LaTeX Font Info:    Checking defaults for OMX/cmex/m/n on input line 181.
LaTeX Font Info:    ... okay on input line 181.
LaTeX Font Info:    Checking defaults for U/cmr/m/n on input line 181.
LaTeX Font Info:    ... okay on input line 181.
LaTeX Font Info:    Checking defaults for PD1/pdf/m/n on input line 181.
LaTeX Font Info:    ... okay on input line 181.
LaTeX Font Info:    Checking defaults for PU/pdf/m/n on input line 181.
LaTeX Font Info:    ... okay on input line 181.

*geometry* driver: auto-detecting
*geometry* detected driver: xetex
*geometry* verbose mode - [ preamble ] result:
* driver: xetex
* paper: a4paper
* layout: <same size as paper>
* layoutoffset:(h,v)=(0.0pt,0.0pt)
* modes: 
* h-part:(L,W,R)=(71.13188pt, 455.24411pt, 71.13188pt)
* v-part:(T,H,B)=(56.9055pt, 717.00946pt, 71.13188pt)
* \paperwidth=597.50787pt
* \paperheight=845.04684pt
* \textwidth=455.24411pt
* \textheight=717.00946pt
* \oddsidemargin=-1.1381pt
* \evensidemargin=-1.1381pt
* \topmargin=-52.36449pt
* \headheight=28.45274pt
* \headsep=25.0pt
* \topskip=12.0pt
* \footskip=30.0pt
* \marginparwidth=35.0pt
* \marginparsep=10.0pt
* \columnsep=10.0pt
* \skip\footins=10.8pt plus 4.0pt minus 2.0pt
* \hoffset=0.0pt
* \voffset=0.0pt
* \mag=1000
* \@twocolumnfalse
* \@twosidefalse
* \@mparswitchfalse
* \@reversemarginfalse
* (1in=72.27pt=25.4mm, 1cm=28.453pt)

Package caption Info: Begin \AtBeginDocument code.
Package caption Info: hyperref package is loaded.
Package caption Info: longtable package is loaded.
(/usr/local/texlive/2025/texmf-dist/tex/latex/caption/ltcaption.sty
Package: ltcaption 2021/01/08 v1.4c longtable captions (AR)
)
Package caption Info: End \AtBeginDocument code.
Package biblatex Info: Trying to load language 'english'...
Package biblatex Info: ... file 'english.lbx' found.

(/usr/local/texlive/2025/texmf-dist/tex/latex/biblatex/lbx/english.lbx
File: english.lbx 2024/03/21 v3.20 biblatex localization (PK/MW)
)
Package biblatex Info: XeTeX detected.
(biblatex)             Assuming input encoding 'utf8'.
Package biblatex Info: Automatic encoding selection.
(biblatex)             Assuming data encoding 'utf8'.
\openout3 = `DMD_Thesis.bcf'.

Package biblatex Info: Trying to load bibliographic data...
Package biblatex Info: ... file 'DMD_Thesis.bbl' found.

(./DMD_Thesis.bbl
LaTeX Font Info:    Font shape `TU/TimesNewRoman(1)/m/n' will be
(Font)              scaled to size 10.79993pt on input line 55.
)
Package biblatex Info: Reference section=0 on input line 181.
Package biblatex Info: Reference segment=0 on input line 181.
Package hyperref Info: Link coloring ON on input line 181.
 (./DMD_Thesis.out) (./DMD_Thesis.out)
\@outlinefile=\write4
\openout4 = `DMD_Thesis.out'.

\openout2 = `Front/Title/info.aux'.


(./Front/Title/info.tex)
\openout2 = `Front/Title/title.aux'.

 (./Front/Title/title.tex
File: Front/Images/logo.pdf Graphic file (type pdf)
<use Front/Images/logo.pdf>
LaTeX Font Info:    Font shape `TU/BNazanin(0)/m/n' will be
(Font)              scaled to size 15.84007pt on input line 11.
LaTeX Font Info:    Font shape `TU/BNazanin(0)/m/n' will be
(Font)              scaled to size 22.81412pt on input line 20.
LaTeX Font Info:    Font shape `TU/BNazanin(0)/b/n' will be
(Font)              scaled to size 22.81412pt on input line 20.
LaTeX Font Info:    Font shape `TU/BNazanin(0)/b/n' will be
(Font)              scaled to size 15.84007pt on input line 25.
)

[1





] (./Front/Acknowledgment/acknowledgment.tex
LaTeX Font Info:    Font shape `TU/BNazanin(0)/m/n' will be
(Font)              scaled to size 19.0081pt on input line 1.
LaTeX Font Info:    Font shape `TU/BNazanin(0)/b/n' will be
(Font)              scaled to size 19.0081pt on input line 1.
LaTeX Font Info:    Font shape `TU/BNazanin(0)/b/n' will be
(Font)              scaled to size 13.20007pt on input line 3.

Overfull \hbox (5.27263pt too wide) in paragraph at lines 10--13
[][]\TU/BNazanin(0)/m/n/12 همچنین لازم می‌دانم از \TU/BNazanin(0)/b/n/12 سرکار 
خانم دکتر زهرا رزاقی \TU/BNazanin(0)/m/n/12 بابت همکاری ارزشمند، توضیحات دقیق و
 راهنمایی‌های[]
 []

)

[1


] (./Front/Abstract/abstract-fa.tex
LaTeX Font Info:    Trying to load font information for U+msa on input line 5.

(/usr/local/texlive/2025/texmf-dist/tex/latex/amsfonts/umsa.fd
File: umsa.fd 2013/01/14 v3.01 AMS symbols A
)
LaTeX Font Info:    Trying to load font information for U+msb on input line 5.

(/usr/local/texlive/2025/texmf-dist/tex/latex/amsfonts/umsb.fd
File: umsb.fd 2013/01/14 v3.01 AMS symbols B
)
LaTeX Font Info:    Font shape `TU/TimesNewRoman(2)/m/n' will be
(Font)              scaled to size 10.79993pt on input line 5.
LaTeX Font Info:    Font shape `TU/TimesNewRoman(2)/m/n' will be
(Font)              scaled to size 7.19995pt on input line 5.
LaTeX Font Info:    Font shape `TU/TimesNewRoman(2)/m/n' will be
(Font)              scaled to size 5.39996pt on input line 5.
LaTeX Font Info:    Font shape `TU/TimesNewRoman(2)/bx/n' in size <12> not avai
lable
(Font)              Font shape `TU/TimesNewRoman(2)/b/n' tried instead on input
 line 5.
LaTeX Font Info:    Font shape `TU/TimesNewRoman(2)/b/n' will be
(Font)              scaled to size 10.79993pt on input line 5.
LaTeX Font Info:    Font shape `TU/TimesNewRoman(2)/bx/n' in size <8> not avail
able
(Font)              Font shape `TU/TimesNewRoman(2)/b/n' tried instead on input
 line 5.
LaTeX Font Info:    Font shape `TU/TimesNewRoman(2)/b/n' will be
(Font)              scaled to size 7.19995pt on input line 5.
LaTeX Font Info:    Font shape `TU/TimesNewRoman(2)/bx/n' in size <6> not avail
able
(Font)              Font shape `TU/TimesNewRoman(2)/b/n' tried instead on input
 line 5.
LaTeX Font Info:    Font shape `TU/TimesNewRoman(2)/b/n' will be
(Font)              scaled to size 5.39996pt on input line 5.
LaTeX Font Info:    Font shape `TU/TimesNewRoman(2)/m/it' will be
(Font)              scaled to size 10.79993pt on input line 5.
LaTeX Font Info:    Font shape `TU/TimesNewRoman(2)/m/it' will be
(Font)              scaled to size 7.19995pt on input line 5.
LaTeX Font Info:    Font shape `TU/TimesNewRoman(2)/m/it' will be
(Font)              scaled to size 5.39996pt on input line 5.
LaTeX Font Info:    Font shape `TU/BNazanin(0)/m/n' will be
(Font)              scaled to size 8.80005pt on input line 5.
LaTeX Font Info:    Font shape `TU/TimesNewRoman(1)/m/n' will be
(Font)              scaled to size 7.19995pt on input line 5.
LaTeX Font Info:    Font shape `TU/BNazanin(0)/m/n' will be
(Font)              scaled to size 11.00006pt on input line 5.
LaTeX Font Info:    Font shape `TU/TimesNewRoman(2)/m/n' will be
(Font)              scaled to size 8.99994pt on input line 5.
LaTeX Font Info:    Font shape `TU/TimesNewRoman(2)/m/n' will be
(Font)              scaled to size 6.29996pt on input line 5.
LaTeX Font Info:    Font shape `TU/TimesNewRoman(2)/m/n' will be
(Font)              scaled to size 4.49997pt on input line 5.
LaTeX Font Info:    Font shape `TU/TimesNewRoman(2)/bx/n' in size <10> not avai
lable
(Font)              Font shape `TU/TimesNewRoman(2)/b/n' tried instead on input
 line 5.
LaTeX Font Info:    Font shape `TU/TimesNewRoman(2)/b/n' will be
(Font)              scaled to size 8.99994pt on input line 5.
LaTeX Font Info:    Font shape `TU/TimesNewRoman(2)/bx/n' in size <7> not avail
able
(Font)              Font shape `TU/TimesNewRoman(2)/b/n' tried instead on input
 line 5.
LaTeX Font Info:    Font shape `TU/TimesNewRoman(2)/b/n' will be
(Font)              scaled to size 6.29996pt on input line 5.
LaTeX Font Info:    Font shape `TU/TimesNewRoman(2)/bx/n' in size <5> not avail
able
(Font)              Font shape `TU/TimesNewRoman(2)/b/n' tried instead on input
 line 5.
LaTeX Font Info:    Font shape `TU/TimesNewRoman(2)/b/n' will be
(Font)              scaled to size 4.49997pt on input line 5.
LaTeX Font Info:    Font shape `TU/TimesNewRoman(2)/m/it' will be
(Font)              scaled to size 8.99994pt on input line 5.
LaTeX Font Info:    Font shape `TU/TimesNewRoman(2)/m/it' will be
(Font)              scaled to size 6.29996pt on input line 5.
LaTeX Font Info:    Font shape `TU/TimesNewRoman(2)/m/it' will be
(Font)              scaled to size 4.49997pt on input line 5.
LaTeX Font Info:    Font shape `TU/BNazanin(0)/m/n' will be
(Font)              scaled to size 7.70004pt on input line 5.
LaTeX Font Info:    Font shape `TU/TimesNewRoman(1)/m/n' will be
(Font)              scaled to size 6.29996pt on input line 5.
LaTeX Font Info:    Font shape `TU/TimesNewRoman(0)/m/n' will be
(Font)              scaled to size 8.99994pt on input line 5.
LaTeX Font Info:    Font shape `TU/TimesNewRoman(0)/m/n' will be
(Font)              scaled to size 10.79993pt on input line 7.
)

[2] (./DMD_Thesis.toc
LaTeX Font Info:    Font shape `TU/TimesNewRoman(1)/b/n' will be
(Font)              scaled to size 10.79993pt on input line 1.


[3]
Missing character: There is no ٔ (U+0654) in font B Nazanin/OT:language=dflt;sc
ript=arab;mapping=persian-tex-text;!
Missing character: There is no ٔ (U+0654) in font B Nazanin/OT:language=dflt;sc
ript=arab;mapping=persian-tex-text;!


[4])
\tf@toc=\write5
\openout5 = `DMD_Thesis.toc'.



[5] (./DMD_Thesis.lof
Missing character: There is no ٔ (U+0654) in font B Nazanin/OT:language=dflt;sc
ript=arab;mapping=persian-tex-text;!
Missing character: There is no ٔ (U+0654) in font B Nazanin/OT:language=dflt;sc
ript=arab;mapping=persian-tex-text;!


[6]
Missing character: There is no ٔ (U+0654) in font B Nazanin/OT:language=dflt;sc
ript=arab;mapping=persian-tex-text;!
Missing character: There is no ٔ (U+0654) in font B Nazanin/OT:language=dflt;sc
ript=arab;mapping=persian-tex-text;!
)
\tf@lof=\write6
\openout6 = `DMD_Thesis.lof'.



[7] (./DMD_Thesis.lot)
\tf@lot=\write7
\openout7 = `DMD_Thesis.lot'.



[8] (./Chapters/Chapter1_Introduction.tex
LaTeX Font Info:    Font shape `TU/TimesNewRoman(1)/b/n' will be
(Font)              scaled to size 15.55188pt on input line 1.
LaTeX Font Info:    Font shape `TU/TimesNewRoman(1)/b/n' will be
(Font)              scaled to size 12.9599pt on input line 8.


LaTeX Font Info:    Font shape `TU/BNazanin(0)/m/n' will be
(Font)              scaled to size 12.04506pt on input line 23.
[1

]

[2])

[3] (./Chapters/Chapter2_BasicConcepts.tex
File: Images/dystrophin_role.jpg Graphic file (type bmp)
<Images/dystrophin_role.jpg>


[4]
LaTeX Font Info:    Font shape `TU/TimesNewRoman(0)/b/n' will be
(Font)              scaled to size 12.9599pt on input line 39.
File: Images/IMU.png Graphic file (type bmp)
<Images/IMU.png>


[5]

[6]
File: Images/2_Preprocessing.jpeg Graphic file (type bmp)
<Images/2_Preprocessing.jpeg>


[7]

[8]
File: Images/2_SVM.png Graphic file (type bmp)
<Images/2_SVM.png>


[9]
File: Images/2_KNN.png Graphic file (type bmp)
<Images/2_KNN.png>


[10])

[11] (./Chapters/Chapter3_SystemDesign.tex

[12]
File: Diagram/NSAA_IMU_Choose.pdf Graphic file (type pdf)
<use Diagram/NSAA_IMU_Choose.pdf>


[13]
LaTeX Font Info:    Font shape `TU/TimesNewRoman(0)/b/n' will be
(Font)              scaled to size 10.79993pt on input line 63.


[14]

[15]
File: Diagram/System_Schema.pdf Graphic file (type pdf)
<use Diagram/System_Schema.pdf>


[16]
File: Images/3_SensorsPlacement.png Graphic file (type bmp)
<Images/3_SensorsPlacement.png>


[17]
File: Diagram/TTGO_Program.pdf Graphic file (type pdf)
<use Diagram/TTGO_Program.pdf>


[18]
File: Images/3_Matlab.png Graphic file (type bmp)
<Images/3_Matlab.png>


[19]
File: Images/3_MatlabDataCollector.jpg Graphic file (type bmp)
<Images/3_MatlabDataCollector.jpg>


[20]
File: Diagram/Data_Collection.pdf Graphic file (type pdf)
<use Diagram/Data_Collection.pdf>


[21]
File: Plots/Matlab/A_STS_NoFilter.jpeg Graphic file (type bmp)
<Plots/Matlab/A_STS_NoFilter.jpeg>


[22]
File: Plots/Matlab/A_STS_Filter.jpeg Graphic file (type bmp)
<Plots/Matlab/A_STS_Filter.jpeg>


[23]
File: Plots/Matlab/A_STS_Action.jpeg Graphic file (type bmp)
<Plots/Matlab/A_STS_Action.jpeg>


[24]

LaTeX Warning: Reference `app:featuresformula' on page 25 undefined on input li
ne 412.



[25]
File: Diagram/DemansionReduction.pdf Graphic file (type pdf)
<use Diagram/DemansionReduction.pdf>


[26]

[27]
Missing character: There is no ٔ (U+0654) in font B Nazanin/OT:language=dflt;sc
ript=arab;mapping=persian-tex-text;!


[28]

[29]
Missing character: There is no ٔ (U+0654) in font B Nazanin/OT:language=dflt;sc
ript=arab;mapping=persian-tex-text;!
Missing character: There is no ٔ (U+0654) in font B Nazanin/OT:language=dflt;sc
ript=arab;mapping=persian-tex-text;!
Missing character: There is no ٔ (U+0654) in font B Nazanin/OT:language=dflt;sc
ript=arab;mapping=persian-tex-text;!
Missing character: There is no ٔ (U+0654) in font B Nazanin/OT:language=dflt;sc
ript=arab;mapping=persian-tex-text;!
Missing character: There is no ٔ (U+0654) in font B Nazanin/OT:language=dflt;sc
ript=arab;mapping=persian-tex-text;!
Missing character: There is no ٔ (U+0654) in font B Nazanin/OT:language=dflt;sc
ript=arab;mapping=persian-tex-text;!
Missing character: There is no ٔ (U+0654) in font B Nazanin/OT:language=dflt;sc
ript=arab;mapping=persian-tex-text;!
Missing character: There is no ٔ (U+0654) in font B Nazanin/OT:language=dflt;sc
ript=arab;mapping=persian-tex-text;!
Missing character: There is no ٔ (U+0654) in font B Nazanin/OT:language=dflt;sc
ript=arab;mapping=persian-tex-text;!
File: Plots/Python/Accuracy_vs_PCA.png Graphic file (type bmp)
<Plots/Python/Accuracy_vs_PCA.png>
Missing character: There is no ٔ (U+0654) in font B Nazanin/OT:language=dflt;sc
ript=arab;mapping=persian-tex-text;!
Missing character: There is no ٔ (U+0654) in font B Nazanin/OT:language=dflt;sc
ript=arab;mapping=persian-tex-text;!


[30]
Missing character: There is no ٔ (U+0654) in font B Nazanin Bold/OT:language=df
lt;script=arab;mapping=persian-tex-text;!
Missing character: There is no ٔ (U+0654) in font B Nazanin Bold/OT:language=df
lt;script=arab;mapping=persian-tex-text;!
Missing character: There is no ٔ (U+0654) in font B Nazanin/OT:language=dflt;sc
ript=arab;mapping=persian-tex-text;!
Missing character: There is no ٔ (U+0654) in font B Nazanin/OT:language=dflt;sc
ript=arab;mapping=persian-tex-text;!
Missing character: There is no ٔ (U+0654) in font B Nazanin/OT:language=dflt;sc
ript=arab;mapping=persian-tex-text;!
Missing character: There is no ٔ (U+0654) in font B Nazanin/OT:language=dflt;sc
ript=arab;mapping=persian-tex-text;!
Missing character: There is no ٔ (U+0654) in font B Nazanin/OT:language=dflt;sc
ript=arab;mapping=persian-tex-text;!
Missing character: There is no ٔ (U+0654) in font B Nazanin/OT:language=dflt;sc
ript=arab;mapping=persian-tex-text;!
Missing character: There is no ٔ (U+0654) in font B Nazanin/OT:language=dflt;sc
ript=arab;mapping=persian-tex-text;!
File: Plots/Python/Accuracy_vs_PCA_Components.png Graphic file (type bmp)
<Plots/Python/Accuracy_vs_PCA_Components.png>


[31]
Missing character: There is no ٔ (U+0654) in font B Nazanin/OT:language=dflt;sc
ript=arab;mapping=persian-tex-text;!
Missing character: There is no ٔ (U+0654) in font B Nazanin/OT:language=dflt;sc
ript=arab;mapping=persian-tex-text;!


[32]
File: Diagram/Chapter3_Pipeline.pdf Graphic file (type pdf)
<use Diagram/Chapter3_Pipeline.pdf>
)

[33] (./Chapters/Chapter4_ResultAndDiscussion.tex
Underfull \hbox (badness 10000) in paragraph at lines 15--15
[][]|\TU/BNazanin(0)/m/n/12 داده‌های اصلی و[]
 []


Underfull \hbox (badness 10000) in paragraph at lines 16--16
[][]|\TU/BNazanin(0)/m/n/12 داده‌های اصلی و[]
 []


Overfull \hbox (11.38849pt too wide) in paragraph at lines 10--21
 [][][][] 
 []

Missing character: There is no ٔ (U+0654) in font B Nazanin/OT:language=dflt;sc
ript=arab;mapping=persian-tex-text;!


[34]
File: Plots/Matlab/A_STS_NoFilter.jpeg Graphic file (type bmp)
<Plots/Matlab/A_STS_NoFilter.jpeg>
File: Plots/Matlab/G_STS_NoFilter.jpeg Graphic file (type bmp)
<Plots/Matlab/G_STS_NoFilter.jpeg>
File: Plots/Matlab/A_STS_Filter.jpeg Graphic file (type bmp)
<Plots/Matlab/A_STS_Filter.jpeg>


[35]
File: Plots/Matlab/G_STS_Filter.jpeg Graphic file (type bmp)
<Plots/Matlab/G_STS_Filter.jpeg>


[36]
File: Plots/Matlab/A_STS_Action.jpeg Graphic file (type bmp)
<Plots/Matlab/A_STS_Action.jpeg>


[37]
File: Plots/Matlab/G_STS_Action.jpeg Graphic file (type bmp)
<Plots/Matlab/G_STS_Action.jpeg>


[38] (./Chapters/ResultActivities/Activity_Stand.tex
File: Images/Generated/TaskResults/Stand/Normal/signal_sample.png Graphic file 
(type bmp)
<Images/Generated/TaskResults/Stand/Normal/signal_sample.png>


[39]
File: Images/Generated/TaskResults/Stand/Normal/feature_correlation_heatmap.png
 Graphic file (type bmp)
<Images/Generated/TaskResults/Stand/Normal/feature_correlation_heatmap.png>

Missing character: There is no ٔ (U+0654) in font B Nazanin/OT:language=dflt;sc
ript=arab;mapping=persian-tex-text;!
Missing character: There is no ٔ (U+0654) in font B Nazanin/OT:language=dflt;sc
ript=arab;mapping=persian-tex-text;!
Missing character: There is no ٔ (U+0654) in font B Nazanin/OT:language=dflt;sc
ript=arab;mapping=persian-tex-text;!
Missing character: There is no ٔ (U+0654) in font B Nazanin/OT:language=dflt;sc
ript=arab;mapping=persian-tex-text;!
File: Images/Generated/TaskResults/Stand/Normal/pca_variance_curve.png Graphic 
file (type bmp)
<Images/Generated/TaskResults/Stand/Normal/pca_variance_curve.png>


[40]
File: Images/Generated/TaskResults/Stand/Normal/pca_scatter_pc1_pc2.png Graphic
 file (type bmp)
<Images/Generated/TaskResults/Stand/Normal/pca_scatter_pc1_pc2.png>


[41]
File: ../Results/Stand/Baseline/Accuracy_Bar_Baseline.png Graphic file (type bm
p)
<../Results/Stand/Baseline/Accuracy_Bar_Baseline.png>
File: ../Results/Stand/Baseline/Metric_Distribution_Baseline.png Graphic file (
type bmp)
<../Results/Stand/Baseline/Metric_Distribution_Baseline.png>


[42]
Missing character: There is no ٔ (U+0654) in font B Nazanin/OT:language=dflt;sc
ript=arab;mapping=persian-tex-text;!
File: ../Results/Stand/Pipeline_PCA/Metric_Distribution_Pipeline_PCA.png Graphi
c file (type bmp)
<../Results/Stand/Pipeline_PCA/Metric_Distribution_Pipeline_PCA.png>
Missing character: There is no ٔ (U+0654) in font B Nazanin/OT:language=dflt;sc
ript=arab;mapping=persian-tex-text;!
Missing character: There is no ٔ (U+0654) in font B Nazanin/OT:language=dflt;sc
ript=arab;mapping=persian-tex-text;!
File: ../Results/Stand/Comparisons/Accuracy_Baseline_vs_Pipeline_PCA.png Graphi
c file (type bmp)
<../Results/Stand/Comparisons/Accuracy_Baseline_vs_Pipeline_PCA.png>
Missing character: There is no ٔ (U+0654) in font B Nazanin/OT:language=dflt;sc
ript=arab;mapping=persian-tex-text;!
File: Images/Generated/TaskResults/Stand/Normal/rf_top_feature_importance.png G
raphic file (type bmp)
<Images/Generated/TaskResults/Stand/Normal/rf_top_feature_importance.png>


[43]
Missing character: There is no ٔ (U+0654) in font B Nazanin/OT:language=dflt;sc
ript=arab;mapping=persian-tex-text;!
File: ../Results/Stand/Normal/FindPrincipalComponents_PipelinePCA_Stand/Figures
/Accuracy_vs_PCA.png Graphic file (type bmp)
<../Results/Stand/Normal/FindPrincipalComponents_PipelinePCA_Stand/Figures/Accu
racy_vs_PCA.png>
Missing character: There is no ٔ (U+0654) in font B Nazanin/OT:language=dflt;sc
ript=arab;mapping=persian-tex-text;!
File: ../Results/Stand/Normal/FindPrincipalComponents_PipelinePCA_Stand/Figures
/All_Metrics_vs_PCA.png Graphic file (type bmp)
<../Results/Stand/Normal/FindPrincipalComponents_PipelinePCA_Stand/Figures/All_
Metrics_vs_PCA.png>


[44]
Missing character: There is no ٔ (U+0654) in font B Nazanin/OT:language=dflt;sc
ript=arab;mapping=persian-tex-text;!
Missing character: There is no ٔ (U+0654) in font B Nazanin/OT:language=dflt;sc
ript=arab;mapping=persian-tex-text;!
File: ../Results/Stand/Normal/CompareNumberOfPrincipalComponents_PipelinePCA_St
and/Figures/Accuracy_vs_PCA_Components.png Graphic file (type bmp)
<../Results/Stand/Normal/CompareNumberOfPrincipalComponents_PipelinePCA_Stand/F
igures/Accuracy_vs_PCA_Components.png>


[45]
File: ../Results/Stand/Final/Final_Model_SVM_PCA13/Figures/Final_Model_Main_Met
rics_Bar.png Graphic file (type bmp)
<../Results/Stand/Final/Final_Model_SVM_PCA13/Figures/Final_Model_Main_Metrics_
Bar.png>

Missing character: There is no ٔ (U+0654) in font B Nazanin/OT:language=dflt;sc
ript=arab;mapping=persian-tex-text;!
Missing character: There is no ٔ (U+0654) in font B Nazanin/OT:language=dflt;sc
ript=arab;mapping=persian-tex-text;!
Missing character: There is no ٔ (U+0654) in font B Nazanin/OT:language=dflt;sc
ript=arab;mapping=persian-tex-text;!
Missing character: There is no ٔ (U+0654) in font B Nazanin/OT:language=dflt;sc
ript=arab;mapping=persian-tex-text;!
File: ../Results/Stand/Final/Final_Model_SVM_PCA13/Figures/PCA_Explained_Varian
ce.png Graphic file (type bmp)
<../Results/Stand/Final/Final_Model_SVM_PCA13/Figures/PCA_Explained_Variance.pn
g>
Missing character: There is no ٔ (U+0654) in font B Nazanin/OT:language=dflt;sc
ript=arab;mapping=persian-tex-text;!
Missing character: There is no ٔ (U+0654) in font B Nazanin/OT:language=dflt;sc
ript=arab;mapping=persian-tex-text;!


[46]
File: ../Results/Stand/Final/Final_Model_SVM_PCA13/Figures/CV_Fold_Metrics.png 
Graphic file (type bmp)
<../Results/Stand/Final/Final_Model_SVM_PCA13/Figures/CV_Fold_Metrics.png>
File: ../Results/Stand/Final/Final_Model_SVM_PCA13/Figures/Normalized_Confusion
_Matrix.png Graphic file (type bmp)
<../Results/Stand/Final/Final_Model_SVM_PCA13/Figures/Normalized_Confusion_Matr
ix.png>


[47]) (./Chapters/ResultActivities/Activity_Sit_To_Stand.tex
File: Images/Generated/TaskResults/Sit_To_Stand/Normal/signal_sample.png Graphi
c file (type bmp)
<Images/Generated/TaskResults/Sit_To_Stand/Normal/signal_sample.png>


[48]
File: ../Results/Sit_To_Stand/Comparisons/Accuracy_Baseline_vs_Detected_Action.
png Graphic file (type bmp)
<../Results/Sit_To_Stand/Comparisons/Accuracy_Baseline_vs_Detected_Action.png>
File: ../Results/Sit_To_Stand/Normal/FindPrincipalComponents_PipelinePCA_Sit_To
_Stand/Figures/All_Metrics_vs_PCA.png Graphic file (type bmp)
<../Results/Sit_To_Stand/Normal/FindPrincipalComponents_PipelinePCA_Sit_To_Stan
d/Figures/All_Metrics_vs_PCA.png>


[49]
File: ../Results/Sit_To_Stand/Normal/CompareNumberOfPrincipalComponents_Pipelin
ePCA_Sit_To_Stand/Figures/Accuracy_vs_PCA_Components.png Graphic file (type bmp
)
<../Results/Sit_To_Stand/Normal/CompareNumberOfPrincipalComponents_PipelinePCA_
Sit_To_Stand/Figures/Accuracy_vs_PCA_Components.png>
File: ../Results/Sit_To_Stand/Final/Final_Model_SVM_PCA14/Figures/Final_Model_M
ain_Metrics_Bar.png Graphic file (type bmp)
<../Results/Sit_To_Stand/Final/Final_Model_SVM_PCA14/Figures/Final_Model_Main_M
etrics_Bar.png>


[50]
File: ../Results/Sit_To_Stand/Final/Final_Model_SVM_PCA14/Figures/CV_Fold_Metri
cs.png Graphic file (type bmp)
<../Results/Sit_To_Stand/Final/Final_Model_SVM_PCA14/Figures/CV_Fold_Metrics.pn
g>
)

[51] (./Chapters/ResultActivities/Activity_Jump.tex
File: Images/Generated/TaskResults/Jump/Normal/signal_sample.png Graphic file (
type bmp)
<Images/Generated/TaskResults/Jump/Normal/signal_sample.png>
File: ../Results/Jump/Comparisons/Accuracy_Baseline_vs_Detected_Action.png Grap
hic file (type bmp)
<../Results/Jump/Comparisons/Accuracy_Baseline_vs_Detected_Action.png>


[52]
Missing character: There is no ٔ (U+0654) in font B Nazanin/OT:language=dflt;sc
ript=arab;mapping=persian-tex-text;!
File: ../Results/Jump/Normal/FindPrincipalComponents_PipelinePCA_Jump/Figures/A
ll_Metrics_vs_PCA.png Graphic file (type bmp)
<../Results/Jump/Normal/FindPrincipalComponents_PipelinePCA_Jump/Figures/All_Me
trics_vs_PCA.png>
File: ../Results/Jump/Normal/CompareNumberOfPrincipalComponents_PipelinePCA_Jum
p/Figures/Accuracy_vs_PCA_Components.png Graphic file (type bmp)
<../Results/Jump/Normal/CompareNumberOfPrincipalComponents_PipelinePCA_Jump/Fig
ures/Accuracy_vs_PCA_Components.png>


[53]
File: ../Results/Jump/Final/Final_Model_SVM_PCA15/Figures/Final_Model_Main_Metr
ics_Bar.png Graphic file (type bmp)
<../Results/Jump/Final/Final_Model_SVM_PCA15/Figures/Final_Model_Main_Metrics_B
ar.png>


[54]
File: ../Results/Jump/Final/Final_Model_SVM_PCA15/Figures/CV_Fold_Metrics.png G
raphic file (type bmp)
<../Results/Jump/Final/Final_Model_SVM_PCA15/Figures/CV_Fold_Metrics.png>
)

[55]
Missing character: There is no ٔ (U+0654) in font B Nazanin/OT:language=dflt;sc
ript=arab;mapping=persian-tex-text;!
)

[56] (./Chapters/Chapter5_Conclusion.tex

[57]

[58])

[59] (./Appendix/Appendix.tex
\@tempdimd=\dimen265
*geometry* verbose mode - [ newgeometry ] result:
* driver: xetex
* paper: a4paper
* layout: <custom>
* layout(width,height): (845.04684pt,597.50787pt)
* layoutoffset:(h,v)=(0.0pt,0.0pt)
* modes: 
* h-part:(L,W,R)=(71.13188pt, 702.78308pt, 71.13188pt)
* v-part:(T,H,B)=(56.9055pt, 469.47049pt, 71.13188pt)
* \paperwidth=597.50787pt
* \paperheight=845.04684pt
* \textwidth=702.78308pt
* \textheight=469.47049pt
* \oddsidemargin=-1.1381pt
* \evensidemargin=-1.1381pt
* \topmargin=-68.81723pt
* \headheight=28.45274pt
* \headsep=25.0pt
* \topskip=12.0pt
* \footskip=30.0pt
* \marginparwidth=35.0pt
* \marginparsep=10.0pt
* \columnsep=10.0pt
* \skip\footins=10.8pt plus 4.0pt minus 2.0pt
* \hoffset=0.0pt
* \voffset=0.0pt
* \mag=1000
* \@twocolumnfalse
* \@twosidefalse
* \@mparswitchfalse
* \@reversemarginfalse
* (1in=72.27pt=25.4mm, 1cm=28.453pt)

 (./Appendix/NSAA_Test.tex
Underfull \hbox (badness 1540) in paragraph at lines 50--50
[][]|\TU/BNazanin(0)/m/n/12 ایستادن بدون کفش روی سطح[]
 []


Underfull \hbox (badness 1939) in paragraph at lines 67--67
[][]|\TU/BNazanin(0)/m/n/12 بلندشدن بدون استفاده از دست‌ها و با[]
 []


Underfull \hbox (badness 1546) in paragraph at lines 68--70
[][]|\TU/BNazanin(0)/m/n/12 استفاده از دست‌ها روی صندلی یا زانو،[]
 []


Underfull \hbox (badness 2818) in paragraph at lines 82--82
[][]|\TU/BNazanin(0)/m/n/12 اجرای جداگانه با شروع حرکت[]
 []


Underfull \hbox (badness 1142) in paragraph at lines 82--82
[]\TU/BNazanin(0)/m/n/12 از جعبه‌ای به ارتفاع تقریبی \TU/TimesNewRoman(1)/m/n/1
2 ۱۵[]
 []


Underfull \hbox (badness 1281) in paragraph at lines 115--115
[][]|\TU/BNazanin(0)/m/n/12 بالا آوردن مستقیم سر بدون استفاده از[]
 []


Underfull \hbox (badness 1540) in paragraph at lines 122--122
[][]|\TU/BNazanin(0)/m/n/12 ایستادن بدون کفش روی سطح[]
 []


Underfull \hbox (badness 4454) in paragraph at lines 124--126
[][]|\TU/BNazanin(0)/m/n/12 باز کردن دست‌ها، افزایش فاصله پاها،[]
 []

[60


] [61])

[62] (./Appendix/Features.tex
Underfull \hbox (badness 4569) in paragraph at lines 271--272
[][]|\TU/BNazanin(0)/m/n/12 میانگین تفاضل نمونه‌های[]
 []


Underfull \hbox (badness 10000) in paragraph at lines 283--284
[][]|\TU/BNazanin(0)/m/n/12 انحراف معیار تفاضل[]
 []


Overfull \vbox (8.13309pt too high) has occurred while \output is active []


[63] [64])
\@tempdimd=\dimen266


[65]
*geometry* verbose mode - [ newgeometry ] result:
* driver: xetex
* paper: a4paper
* layout: <custom>
* layout(width,height): (597.50787pt,845.04684pt)
* layoutoffset:(h,v)=(0.0pt,0.0pt)
* modes: 
* h-part:(L,W,R)=(71.13188pt, 455.24411pt, 71.13188pt)
* v-part:(T,H,B)=(56.9055pt, 717.00946pt, 71.13188pt)
* \paperwidth=597.50787pt
* \paperheight=845.04684pt
* \textwidth=455.24411pt
* \textheight=717.00946pt
* \oddsidemargin=-1.1381pt
* \evensidemargin=-1.1381pt
* \topmargin=-68.81723pt
* \headheight=28.45274pt
* \headsep=25.0pt
* \topskip=12.0pt
* \footskip=30.0pt
* \marginparwidth=35.0pt
* \marginparsep=10.0pt
* \columnsep=10.0pt
* \skip\footins=10.8pt plus 4.0pt minus 2.0pt
* \hoffset=0.0pt
* \voffset=0.0pt
* \mag=1000
* \@twocolumnfalse
* \@twosidefalse
* \@mparswitchfalse
* \@reversemarginfalse
* (1in=72.27pt=25.4mm, 1cm=28.453pt)

) (./Refrences/Refrences.tex
LaTeX Font Info:    Font shape `TU/TimesNewRoman(0)/m/it' will be
(Font)              scaled to size 10.79993pt on input line 5.

Overfull \hbox (3.71901pt too wide) in paragraph at lines 5--5
[][]\TU/TimesNewRoman(0)/m/n/12 Corinna Cortes and Vladimir Vapnik. “Support-ve
ctor networks”. In: \TU/TimesNewRoman(0)/m/it/12 Machine Learning \TU/TimesNewR
oman(0)/m/n/12 20.3 (1995),[]
 []


Overfull \vbox (206.46776pt too high) has occurred while \output is active []



[66


])

[67] (./Front/Abstract/abstract-en.tex
LaTeX Font Info:    Font shape `TU/TimesNewRoman(0)/m/n' will be
(Font)              scaled to size 15.55188pt on input line 1.
LaTeX Font Info:    Font shape `TU/TimesNewRoman(0)/b/n' will be
(Font)              scaled to size 15.55188pt on input line 1.
)

[68]
\openout2 = `Front/Title/title-eng.aux'.

 (./Front/Title/title-eng.tex
File: Front/Images/logo.pdf Graphic file (type pdf)
<use Front/Images/logo.pdf>
LaTeX Font Info:    Font shape `TU/TimesNewRoman(0)/m/n' will be
(Font)              scaled to size 12.9599pt on input line 15.
)

[69

] (./DMD_Thesis.aux (./Front/Title/info.aux) (./Front/Title/title.aux)
(./Front/Title/title-eng.aux))
 ***********
LaTeX2e <2024-11-01> patch level 2
L3 programming layer <2025-01-18>
 ***********


LaTeX Warning: There were undefined references.

Package rerunfilecheck Info: File `DMD_Thesis.out' has not changed.
(rerunfilecheck)             Checksum: 82462A9D4FC7A0C1AAC126262F795ECC;15504.
Package logreq Info: Writing requests to 'DMD_Thesis.run.xml'.
\openout1 = `DMD_Thesis.run.xml'.

 ) 
Here is how much of TeX's memory you used:
 27031 strings out of 473832
 593799 string characters out of 5729482
 1423387 words of memory out of 5000000
 49524 multiletter control sequences out of 15000+600000
 566133 words of font info for 137 fonts, out of 8000000 for 9000
 1348 hyphenation exceptions out of 8191
 88i,13n,95p,2772b,4974s stack positions out of 10000i,1000n,20000p,200000b,200000s

Output written on DMD_Thesis.pdf (78 pages).
